[D: 2018-07-12 08:38:24,643] [P: INFO ] [C: ] [T: main] [L: com.cap.jumpthequeue.SpringBootApp] - [M: Starting SpringBootApp on LES006129 with PID 6480 (C:\Users\mruizand\Devon-dist_2.4.0\conf\.m2\repository\com\cap\jumpthequeue-core\0.1\jumpthequeue-core-0.1.jar started by mruizand in C:\Users\mruizand\Devon-dist_2.4.0\jumpthequeue\server)]
[D: 2018-07-12 08:38:24,643] [P: DEBUG] [C: ] [T: main] [L: com.cap.jumpthequeue.SpringBootApp] - [M: Running with Spring Boot v1.5.3.RELEASE, Spring v4.3.8.RELEASE]
[D: 2018-07-12 08:38:24,643] [P: INFO ] [C: ] [T: main] [L: com.cap.jumpthequeue.SpringBootApp] - [M: No active profile set, falling back to default profiles: default]
[D: 2018-07-12 08:38:24,752] [P: INFO ] [C: ] [T: main] [L: org.springframework.boot.context.embedded.AnnotationConfigEmbeddedWebApplicationContext] - [M: Refreshing org.springframework.boot.context.embedded.AnnotationConfigEmbeddedWebApplicationContext@2d5bf93b: startup date [Thu Jul 12 08:38:24 CEST 2018]; root of context hierarchy]
[D: 2018-07-12 08:38:25,143] [P: DEBUG] [C: ] [T: background-preinit] [L: org.jboss.logging] - [M: Logging Provider: org.jboss.logging.Slf4jLoggerProvider found via system property]
[D: 2018-07-12 08:38:25,143] [P: INFO ] [C: ] [T: background-preinit] [L: org.hibernate.validator.internal.util.Version] - [M: HV000001: Hibernate Validator 5.3.5.Final]
[D: 2018-07-12 08:38:26,245] [P: INFO ] [C: ] [T: main] [L: org.springframework.beans.factory.xml.XmlBeanDefinitionReader] - [M: Loading XML bean definitions from class path resource [META-INF/cxf/cxf.xml]]
[D: 2018-07-12 08:38:27,044] [P: DEBUG] [C: ] [T: main] [L: org.apache.cxf.common.logging.LogUtils] - [M: Using org.apache.cxf.common.logging.Slf4jLogger for logging.]
[D: 2018-07-12 08:38:27,057] [P: INFO ] [C: ] [T: main] [L: org.springframework.beans.factory.annotation.AutowiredAnnotationBeanPostProcessor] - [M: JSR-330 'javax.inject.Inject' annotation found and supported for autowiring]
[D: 2018-07-12 08:38:27,419] [P: DEBUG] [C: ] [T: main] [L: org.apache.cxf.configuration.spring.ConfigurerImpl] - [M: Could not determine bean name for instance of class org.apache.cxf.ws.policy.PolicyAnnotationListener.]
[D: 2018-07-12 08:38:27,435] [P: DEBUG] [C: ] [T: main] [L: org.apache.cxf.configuration.spring.ConfigurerImpl] - [M: Could not determine bean name for instance of class org.apache.cxf.service.factory.FactoryBeanListenerManager.]
[D: 2018-07-12 08:38:27,435] [P: DEBUG] [C: ] [T: main] [L: org.apache.cxf.configuration.spring.ConfigurerImpl] - [M: Could not determine bean name for instance of class org.apache.cxf.ws.policy.PolicyEngineImpl.]
[D: 2018-07-12 08:38:27,435] [P: DEBUG] [C: ] [T: main] [L: org.apache.cxf.configuration.spring.ConfigurerImpl] - [M: Could not determine bean name for instance of class org.apache.cxf.ws.policy.PolicyDataEngineImpl.]
[D: 2018-07-12 08:38:27,435] [P: DEBUG] [C: ] [T: main] [L: org.apache.cxf.configuration.spring.ConfigurerImpl] - [M: Could not determine bean name for instance of class org.apache.cxf.bus.managers.CXFBusLifeCycleManager.]
[D: 2018-07-12 08:38:27,435] [P: DEBUG] [C: ] [T: main] [L: org.apache.cxf.configuration.spring.ConfigurerImpl] - [M: Could not determine bean name for instance of class org.apache.cxf.bus.managers.ServerRegistryImpl.]
[D: 2018-07-12 08:38:27,450] [P: INFO ] [C: ] [T: main] [L: org.springframework.context.support.PostProcessorRegistrationDelegate$BeanPostProcessorChecker] - [M: Bean 'cxf' of type [org.apache.cxf.bus.spring.SpringBus] is not eligible for getting processed by all BeanPostProcessors (for example: not eligible for auto-proxying)]
[D: 2018-07-12 08:38:27,450] [P: INFO ] [C: ] [T: main] [L: org.springframework.context.support.PostProcessorRegistrationDelegate$BeanPostProcessorChecker] - [M: Bean 'io.oasp.module.cxf.common.impl.server.soap.CxfServerSoapAutoConfiguration' of type [io.oasp.module.cxf.common.impl.server.soap.CxfServerSoapAutoConfiguration$$EnhancerBySpringCGLIB$$df7673c5] is not eligible for getting processed by all BeanPostProcessors (for example: not eligible for auto-proxying)]
[D: 2018-07-12 08:38:27,481] [P: INFO ] [C: ] [T: main] [L: org.springframework.context.support.PostProcessorRegistrationDelegate$BeanPostProcessorChecker] - [M: Bean 'org.springframework.ws.config.annotation.DelegatingWsConfiguration' of type [org.springframework.ws.config.annotation.DelegatingWsConfiguration$$EnhancerBySpringCGLIB$$b1c2134c] is not eligible for getting processed by all BeanPostProcessors (for example: not eligible for auto-proxying)]
[D: 2018-07-12 08:38:27,544] [P: INFO ] [C: ] [T: main] [L: org.springframework.ws.soap.addressing.server.AnnotationActionEndpointMapping] - [M: Supporting [WS-Addressing August 2004, WS-Addressing 1.0]]
[D: 2018-07-12 08:38:28,251] [P: INFO ] [C: ] [T: main] [L: org.springframework.boot.context.embedded.tomcat.TomcatEmbeddedServletContainer] - [M: Tomcat initialized with port(s): 8081 (http)]
[D: 2018-07-12 08:38:28,251] [P: INFO ] [C: ] [T: main] [L: org.apache.catalina.core.StandardService] - [M: Starting service Tomcat]
[D: 2018-07-12 08:38:28,266] [P: INFO ] [C: ] [T: main] [L: org.apache.catalina.core.StandardEngine] - [M: Starting Servlet Engine: Apache Tomcat/8.5.14]
[D: 2018-07-12 08:38:28,673] [P: INFO ] [C: ] [T: localhost-startStop-1] [L: org.apache.catalina.core.ContainerBase.[Tomcat].[localhost].[/jumpthequeue]] - [M: Initializing Spring embedded WebApplicationContext]
[D: 2018-07-12 08:38:28,673] [P: INFO ] [C: ] [T: localhost-startStop-1] [L: org.springframework.web.context.ContextLoader] - [M: Root WebApplicationContext: initialization completed in 3921 ms]
[D: 2018-07-12 08:38:29,157] [P: INFO ] [C: ] [T: localhost-startStop-1] [L: org.springframework.boot.web.servlet.FilterRegistrationBean] - [M: Mapping filter: 'metricsFilter' to: [/*]]
[D: 2018-07-12 08:38:29,157] [P: INFO ] [C: ] [T: localhost-startStop-1] [L: org.springframework.boot.web.servlet.FilterRegistrationBean] - [M: Mapping filter: 'characterEncodingFilter' to: [/*]]
[D: 2018-07-12 08:38:29,157] [P: INFO ] [C: ] [T: localhost-startStop-1] [L: org.springframework.boot.web.servlet.FilterRegistrationBean] - [M: Mapping filter: 'hiddenHttpMethodFilter' to: [/*]]
[D: 2018-07-12 08:38:29,157] [P: INFO ] [C: ] [T: localhost-startStop-1] [L: org.springframework.boot.web.servlet.FilterRegistrationBean] - [M: Mapping filter: 'httpPutFormContentFilter' to: [/*]]
[D: 2018-07-12 08:38:29,157] [P: INFO ] [C: ] [T: localhost-startStop-1] [L: org.springframework.boot.web.servlet.FilterRegistrationBean] - [M: Mapping filter: 'requestContextFilter' to: [/*]]
[D: 2018-07-12 08:38:29,157] [P: INFO ] [C: ] [T: localhost-startStop-1] [L: org.springframework.boot.web.servlet.DelegatingFilterProxyRegistrationBean] - [M: Mapping filter: 'springSecurityFilterChain' to: [/*]]
[D: 2018-07-12 08:38:29,157] [P: INFO ] [C: ] [T: localhost-startStop-1] [L: org.springframework.boot.web.servlet.FilterRegistrationBean] - [M: Mapping filter: 'webRequestLoggingFilter' to: [/*]]
[D: 2018-07-12 08:38:29,157] [P: INFO ] [C: ] [T: localhost-startStop-1] [L: org.springframework.boot.web.servlet.FilterRegistrationBean] - [M: Mapping filter: 'performanceLogFilter' to urls: [/*]]
[D: 2018-07-12 08:38:29,157] [P: INFO ] [C: ] [T: localhost-startStop-1] [L: org.springframework.boot.web.servlet.FilterRegistrationBean] - [M: Mapping filter: 'diagnosticContextFilter' to urls: [/services/*]]
[D: 2018-07-12 08:38:29,157] [P: INFO ] [C: ] [T: localhost-startStop-1] [L: org.springframework.boot.web.servlet.FilterRegistrationBean] - [M: Filter characterEncodingFilter was not registered (possibly already registered?)]
[D: 2018-07-12 08:38:29,173] [P: INFO ] [C: ] [T: localhost-startStop-1] [L: org.springframework.boot.web.servlet.FilterRegistrationBean] - [M: Mapping filter: 'applicationContextIdFilter' to: [/*]]
[D: 2018-07-12 08:38:29,173] [P: INFO ] [C: ] [T: localhost-startStop-1] [L: org.springframework.boot.web.servlet.ServletRegistrationBean] - [M: Mapping servlet: 'dispatcherServlet' to [/]]
[D: 2018-07-12 08:38:29,173] [P: INFO ] [C: ] [T: localhost-startStop-1] [L: org.springframework.boot.web.servlet.ServletRegistrationBean] - [M: Mapping servlet: 'CXFServlet' to [/services/*]]
[D: 2018-07-12 08:38:29,204] [P: DEBUG] [C: ] [T: localhost-startStop-1] [L: io.oasp.module.logging.common.impl.DiagnosticContextFilter] - [M: Parameter correlationIdHeaderName not configured via filter config.]
[D: 2018-07-12 08:38:29,204] [P: INFO ] [C: ] [T: localhost-startStop-1] [L: io.oasp.module.logging.common.impl.DiagnosticContextFilter] - [M: Correlation ID header initialized to: X-Correlation-Id]
[D: 2018-07-12 08:38:29,470] [P: INFO ] [C: ] [T: main] [L: org.flywaydb.core.internal.util.VersionPrinter] - [M: Flyway 4.2.0 by Boxfuse]
[D: 2018-07-12 08:38:29,657] [P: INFO ] [C: ] [T: main] [L: org.flywaydb.core.internal.dbsupport.DbSupportFactory] - [M: Database: jdbc:h2:mem:testdb (H2 1.4)]
[D: 2018-07-12 08:38:32,109] [P: INFO ] [C: ] [T: main] [L: org.flywaydb.core.internal.command.DbValidate] - [M: Successfully validated 6 migrations (execution time 00:01.895s)]
[D: 2018-07-12 08:38:32,109] [P: INFO ] [C: ] [T: main] [L: org.flywaydb.core.internal.metadatatable.MetaDataTableImpl] - [M: Creating Metadata table: "PUBLIC"."schema_version"]
[D: 2018-07-12 08:38:32,140] [P: INFO ] [C: ] [T: main] [L: org.flywaydb.core.internal.command.DbMigrate] - [M: Current version of schema "PUBLIC": << Empty Schema >>]
[D: 2018-07-12 08:38:32,140] [P: INFO ] [C: ] [T: main] [L: org.flywaydb.core.internal.command.DbMigrate] - [M: Migrating schema "PUBLIC" to version 0001 - Create Sequence]
[D: 2018-07-12 08:38:32,156] [P: INFO ] [C: ] [T: main] [L: org.flywaydb.core.internal.command.DbMigrate] - [M: Migrating schema "PUBLIC" to version 0002 - Create RevInfo]
[D: 2018-07-12 08:38:32,172] [P: INFO ] [C: ] [T: main] [L: org.flywaydb.core.internal.command.DbMigrate] - [M: Migrating schema "PUBLIC" to version 0003 - Create BinaryObject]
[D: 2018-07-12 08:38:32,172] [P: INFO ] [C: ] [T: main] [L: org.flywaydb.core.internal.command.DbMigrate] - [M: Migrating schema "PUBLIC" to version 0004 - Add blob data]
[D: 2018-07-12 08:38:32,187] [P: INFO ] [C: ] [T: main] [L: org.flywaydb.core.internal.command.DbMigrate] - [M: Migrating schema "PUBLIC" to version 0005 - Create Visitor]
[D: 2018-07-12 08:38:32,219] [P: INFO ] [C: ] [T: main] [L: org.flywaydb.core.internal.command.DbMigrate] - [M: Migrating schema "PUBLIC" to version 0006 - R001 Master data]
[D: 2018-07-12 08:38:32,234] [P: INFO ] [C: ] [T: main] [L: org.flywaydb.core.internal.command.DbMigrate] - [M: Successfully applied 6 migrations to schema "PUBLIC" (execution time 00:00.119s).]
[D: 2018-07-12 08:38:32,422] [P: INFO ] [C: ] [T: main] [L: org.springframework.orm.jpa.LocalContainerEntityManagerFactoryBean] - [M: Building JPA container EntityManagerFactory for persistence unit 'default']
[D: 2018-07-12 08:38:32,453] [P: INFO ] [C: ] [T: main] [L: org.hibernate.jpa.internal.util.LogHelper] - [M: HHH000204: Processing PersistenceUnitInfo [ | 	name: default | 	...]]
[D: 2018-07-12 08:38:32,515] [P: INFO ] [C: ] [T: main] [L: org.hibernate.Version] - [M: HHH000412: Hibernate Core {5.0.12.Final}]
[D: 2018-07-12 08:38:32,515] [P: INFO ] [C: ] [T: main] [L: org.hibernate.cfg.Environment] - [M: HHH000206: hibernate.properties not found]
[D: 2018-07-12 08:38:32,531] [P: INFO ] [C: ] [T: main] [L: org.hibernate.cfg.Environment] - [M: HHH000021: Bytecode provider name : javassist]
[D: 2018-07-12 08:38:32,594] [P: INFO ] [C: ] [T: main] [L: org.hibernate.annotations.common.Version] - [M: HCANN000001: Hibernate Commons Annotations {5.0.1.Final}]
[D: 2018-07-12 08:38:32,750] [P: INFO ] [C: ] [T: main] [L: org.hibernate.dialect.Dialect] - [M: HHH000400: Using dialect: org.hibernate.dialect.H2Dialect]
[D: 2018-07-12 08:38:32,828] [P: INFO ] [C: ] [T: main] [L: org.hibernate.envers.boot.internal.EnversServiceImpl] - [M: Envers integration enabled? : true]
[D: 2018-07-12 08:38:33,463] [P: INFO ] [C: ] [T: main] [L: org.hibernate.tool.hbm2ddl.SchemaValidator] - [M: HHH000229: Running schema validator]
[D: 2018-07-12 08:38:33,541] [P: INFO ] [C: ] [T: main] [L: org.springframework.orm.jpa.LocalContainerEntityManagerFactoryBean] - [M: Initialized JPA EntityManagerFactory for persistence unit 'default']
[D: 2018-07-12 08:38:33,713] [P: INFO ] [C: ] [T: main] [L: org.dozer.config.GlobalSettings] - [M: Trying to find Dozer configuration file: dozer.properties]
[D: 2018-07-12 08:38:33,713] [P: WARN ] [C: ] [T: main] [L: org.dozer.config.GlobalSettings] - [M: Dozer configuration file not found: dozer.properties.  Using defaults for all Dozer global properties.]
[D: 2018-07-12 08:38:33,728] [P: INFO ] [C: ] [T: main] [L: org.dozer.DozerInitializer] - [M: Initializing Dozer. Version: 5.5.0, Thread Name: main]
[D: 2018-07-12 08:38:33,728] [P: INFO ] [C: ] [T: main] [L: org.dozer.jmx.JMXPlatformImpl] - [M: Dozer JMX MBean [org.dozer.jmx:type=DozerStatisticsController] auto registered with the Platform MBean Server]
[D: 2018-07-12 08:38:33,728] [P: INFO ] [C: ] [T: main] [L: org.dozer.jmx.JMXPlatformImpl] - [M: Dozer JMX MBean [org.dozer.jmx:type=DozerAdminController] auto registered with the Platform MBean Server]
[D: 2018-07-12 08:38:33,728] [P: INFO ] [C: ] [T: main] [L: org.dozer.DozerBeanMapper] - [M: Initializing a new instance of dozer bean mapper.]
[D: 2018-07-12 08:38:33,963] [P: DEBUG] [C: ] [T: main] [L: io.oasp.module.security.common.impl.accesscontrol.AccessControlSchemaProviderImpl] - [M: Initializing.]
[D: 2018-07-12 08:38:34,182] [P: DEBUG] [C: ] [T: main] [L: io.oasp.module.security.common.impl.accesscontrol.AccessControlSchemaProviderImpl] - [M: Reading access control schema from class path resource [config/app/security/access-control-schema.xml]]
[D: 2018-07-12 08:38:34,197] [P: DEBUG] [C: ] [T: main] [L: io.oasp.module.security.common.impl.accesscontrol.AccessControlSchemaProviderImpl] - [M: Reading access control schema completed successfully.]
[D: 2018-07-12 08:38:34,197] [P: DEBUG] [C: ] [T: main] [L: io.oasp.module.security.common.base.accesscontrol.AbstractAccessControlProvider] - [M: Initializing.]
[D: 2018-07-12 08:38:34,197] [P: DEBUG] [C: ] [T: main] [L: io.oasp.module.security.common.base.accesscontrol.AbstractAccessControlProvider] - [M: Registered access control group ReadMasterData]
[D: 2018-07-12 08:38:34,923] [P: INFO ] [C: ] [T: main] [L: org.springframework.security.web.DefaultSecurityFilterChain] - [M: Creating filter chain: org.springframework.security.web.util.matcher.AnyRequestMatcher@1, [org.springframework.security.web.context.request.async.WebAsyncManagerIntegrationFilter@2612bd61, org.springframework.security.web.context.SecurityContextPersistenceFilter@599a4994, org.springframework.security.web.header.HeaderWriterFilter@1291f042, org.springframework.security.web.csrf.CsrfFilter@3bce72e1, org.springframework.security.web.authentication.logout.LogoutFilter@4dfefcf4, org.springframework.security.web.authentication.logout.LogoutFilter@2eace3c4, org.springframework.security.web.authentication.UsernamePasswordAuthenticationFilter@79f125c1, org.springframework.security.web.authentication.ui.DefaultLoginPageGeneratingFilter@1832cbef, io.oasp.module.security.common.impl.rest.JsonUsernamePasswordAuthenticationFilter@387d95fe, org.springframework.security.web.savedrequest.RequestCacheAwareFilter@1b792cea, org.springframework.security.web.servletapi.SecurityContextHolderAwareRequestFilter@61633f6f, org.springframework.security.web.authentication.AnonymousAuthenticationFilter@17287e91, org.springframework.security.web.session.SessionManagementFilter@d809d95, org.springframework.security.web.access.ExceptionTranslationFilter@36c6d520, org.springframework.security.web.access.intercept.FilterSecurityInterceptor@4f90a73a]]
[D: 2018-07-12 08:38:34,939] [P: INFO ] [C: ] [T: main] [L: org.springframework.security.web.DefaultSecurityFilterChain] - [M: Creating filter chain: org.springframework.boot.actuate.autoconfigure.ManagementWebSecurityAutoConfiguration$LazyEndpointPathRequestMatcher@13ec83f, [org.springframework.security.web.context.request.async.WebAsyncManagerIntegrationFilter@575ab868, org.springframework.security.web.context.SecurityContextPersistenceFilter@13947a4e, org.springframework.security.web.header.HeaderWriterFilter@50716a34, org.springframework.security.web.authentication.logout.LogoutFilter@2f626dac, org.springframework.security.web.authentication.www.BasicAuthenticationFilter@2394ef71, org.springframework.security.web.savedrequest.RequestCacheAwareFilter@1275996a, org.springframework.security.web.servletapi.SecurityContextHolderAwareRequestFilter@490e71da, org.springframework.security.web.authentication.AnonymousAuthenticationFilter@53b12a95, org.springframework.security.web.session.SessionManagementFilter@6721fa64, org.springframework.security.web.access.ExceptionTranslationFilter@742ea9c7, org.springframework.security.web.access.intercept.FilterSecurityInterceptor@6c2752b2]]
[D: 2018-07-12 08:38:35,064] [P: INFO ] [C: ] [T: main] [L: org.springframework.web.servlet.mvc.method.annotation.RequestMappingHandlerAdapter] - [M: Looking for @ControllerAdvice: org.springframework.boot.context.embedded.AnnotationConfigEmbeddedWebApplicationContext@2d5bf93b: startup date [Thu Jul 12 08:38:24 CEST 2018]; root of context hierarchy]
[D: 2018-07-12 08:38:35,205] [P: INFO ] [C: ] [T: main] [L: org.springframework.web.servlet.mvc.method.annotation.RequestMappingHandlerMapping] - [M: Mapped "{[/login**],methods=[GET]}" onto public org.springframework.web.servlet.ModelAndView com.cap.jumpthequeue.general.service.impl.LoginController.login(boolean,boolean,boolean,boolean)]
[D: 2018-07-12 08:38:35,205] [P: INFO ] [C: ] [T: main] [L: org.springframework.web.servlet.mvc.method.annotation.RequestMappingHandlerMapping] - [M: Mapped "{[/error]}" onto public org.springframework.http.ResponseEntity<java.util.Map<java.lang.String, java.lang.Object>> org.springframework.boot.autoconfigure.web.BasicErrorController.error(javax.servlet.http.HttpServletRequest)]
[D: 2018-07-12 08:38:35,205] [P: INFO ] [C: ] [T: main] [L: org.springframework.web.servlet.mvc.method.annotation.RequestMappingHandlerMapping] - [M: Mapped "{[/error],produces=[text/html]}" onto public org.springframework.web.servlet.ModelAndView org.springframework.boot.autoconfigure.web.BasicErrorController.errorHtml(javax.servlet.http.HttpServletRequest,javax.servlet.http.HttpServletResponse)]
[D: 2018-07-12 08:38:35,251] [P: INFO ] [C: ] [T: main] [L: org.springframework.web.servlet.handler.SimpleUrlHandlerMapping] - [M: Mapped URL path [/webjars/**] onto handler of type [class org.springframework.web.servlet.resource.ResourceHttpRequestHandler]]
[D: 2018-07-12 08:38:35,251] [P: INFO ] [C: ] [T: main] [L: org.springframework.web.servlet.handler.SimpleUrlHandlerMapping] - [M: Mapped URL path [/**] onto handler of type [class org.springframework.web.servlet.resource.ResourceHttpRequestHandler]]
[D: 2018-07-12 08:38:35,330] [P: INFO ] [C: ] [T: main] [L: org.springframework.web.servlet.handler.SimpleUrlHandlerMapping] - [M: Mapped URL path [/**/favicon.ico] onto handler of type [class org.springframework.web.servlet.resource.ResourceHttpRequestHandler]]
[D: 2018-07-12 08:38:35,361] [P: INFO ] [C: ] [T: main] [L: org.springframework.boot.autoconfigure.web.WebMvcAutoConfiguration$WelcomePageHandlerMapping] - [M: Adding welcome page: class path resource [static/index.html]]
[D: 2018-07-12 08:38:35,517] [P: DEBUG] [C: ] [T: main] [L: org.apache.cxf.configuration.spring.ConfigurerImpl] - [M: Could not determine bean name for instance of class org.apache.cxf.binding.xml.XMLBindingFactory.]
[D: 2018-07-12 08:38:35,517] [P: DEBUG] [C: ] [T: main] [L: org.apache.cxf.configuration.spring.ConfigurerImpl] - [M: Could not determine bean name for instance of class org.apache.cxf.binding.soap.SoapBindingFactory.]
[D: 2018-07-12 08:38:35,564] [P: DEBUG] [C: ] [T: main] [L: org.apache.cxf.jaxrs.utils.ResourceUtils] - [M: java.lang.Object#wait method is not a valid JAX-RS method as it has no Path and HttpMethod annotations]
[D: 2018-07-12 08:38:35,564] [P: DEBUG] [C: ] [T: main] [L: org.apache.cxf.jaxrs.utils.ResourceUtils] - [M: java.lang.Object#wait method is not a valid JAX-RS method as it has no Path and HttpMethod annotations]
[D: 2018-07-12 08:38:35,564] [P: DEBUG] [C: ] [T: main] [L: org.apache.cxf.jaxrs.utils.ResourceUtils] - [M: java.lang.Object#wait method is not a valid JAX-RS method as it has no Path and HttpMethod annotations]
[D: 2018-07-12 08:38:35,564] [P: DEBUG] [C: ] [T: main] [L: org.apache.cxf.jaxrs.utils.ResourceUtils] - [M: java.lang.Object#equals method is not a valid JAX-RS method as it has no Path and HttpMethod annotations]
[D: 2018-07-12 08:38:35,564] [P: DEBUG] [C: ] [T: main] [L: org.apache.cxf.jaxrs.utils.ResourceUtils] - [M: java.lang.Object#toString method is not a valid JAX-RS method as it has no Path and HttpMethod annotations]
[D: 2018-07-12 08:38:35,564] [P: DEBUG] [C: ] [T: main] [L: org.apache.cxf.jaxrs.utils.ResourceUtils] - [M: java.lang.Object#hashCode method is not a valid JAX-RS method as it has no Path and HttpMethod annotations]
[D: 2018-07-12 08:38:35,564] [P: DEBUG] [C: ] [T: main] [L: org.apache.cxf.jaxrs.utils.ResourceUtils] - [M: java.lang.Object#getClass method is not a valid JAX-RS method as it has no Path and HttpMethod annotations]
[D: 2018-07-12 08:38:35,564] [P: DEBUG] [C: ] [T: main] [L: org.apache.cxf.jaxrs.utils.ResourceUtils] - [M: java.lang.Object#notify method is not a valid JAX-RS method as it has no Path and HttpMethod annotations]
[D: 2018-07-12 08:38:35,564] [P: DEBUG] [C: ] [T: main] [L: org.apache.cxf.jaxrs.utils.ResourceUtils] - [M: java.lang.Object#notifyAll method is not a valid JAX-RS method as it has no Path and HttpMethod annotations]
[D: 2018-07-12 08:38:35,564] [P: DEBUG] [C: ] [T: main] [L: org.apache.cxf.jaxrs.utils.ResourceUtils] - [M: com.cap.jumpthequeue.general.service.impl.rest.SecurityRestServiceImpl#setCsrfTokenRepository method is not a valid JAX-RS method as it has no Path and HttpMethod annotations]
[D: 2018-07-12 08:38:35,564] [P: DEBUG] [C: ] [T: main] [L: org.apache.cxf.jaxrs.utils.ResourceUtils] - [M: java.lang.Object#wait method is not a valid JAX-RS method as it has no Path and HttpMethod annotations]
[D: 2018-07-12 08:38:35,580] [P: DEBUG] [C: ] [T: main] [L: org.apache.cxf.jaxrs.utils.ResourceUtils] - [M: java.lang.Object#wait method is not a valid JAX-RS method as it has no Path and HttpMethod annotations]
[D: 2018-07-12 08:38:35,580] [P: DEBUG] [C: ] [T: main] [L: org.apache.cxf.jaxrs.utils.ResourceUtils] - [M: java.lang.Object#wait method is not a valid JAX-RS method as it has no Path and HttpMethod annotations]
[D: 2018-07-12 08:38:35,580] [P: DEBUG] [C: ] [T: main] [L: org.apache.cxf.jaxrs.utils.ResourceUtils] - [M: java.lang.Object#equals method is not a valid JAX-RS method as it has no Path and HttpMethod annotations]
[D: 2018-07-12 08:38:35,580] [P: DEBUG] [C: ] [T: main] [L: org.apache.cxf.jaxrs.utils.ResourceUtils] - [M: java.lang.Object#toString method is not a valid JAX-RS method as it has no Path and HttpMethod annotations]
[D: 2018-07-12 08:38:35,580] [P: DEBUG] [C: ] [T: main] [L: org.apache.cxf.jaxrs.utils.ResourceUtils] - [M: java.lang.Object#hashCode method is not a valid JAX-RS method as it has no Path and HttpMethod annotations]
[D: 2018-07-12 08:38:35,580] [P: DEBUG] [C: ] [T: main] [L: org.apache.cxf.jaxrs.utils.ResourceUtils] - [M: java.lang.Object#getClass method is not a valid JAX-RS method as it has no Path and HttpMethod annotations]
[D: 2018-07-12 08:38:35,580] [P: DEBUG] [C: ] [T: main] [L: org.apache.cxf.jaxrs.utils.ResourceUtils] - [M: java.lang.Object#notify method is not a valid JAX-RS method as it has no Path and HttpMethod annotations]
[D: 2018-07-12 08:38:35,580] [P: DEBUG] [C: ] [T: main] [L: org.apache.cxf.jaxrs.utils.ResourceUtils] - [M: java.lang.Object#notifyAll method is not a valid JAX-RS method as it has no Path and HttpMethod annotations]
[D: 2018-07-12 08:38:35,580] [P: DEBUG] [C: ] [T: main] [L: org.apache.cxf.jaxrs.utils.ResourceUtils] - [M: java.lang.Object#wait method is not a valid JAX-RS method as it has no Path and HttpMethod annotations]
[D: 2018-07-12 08:38:35,580] [P: DEBUG] [C: ] [T: main] [L: org.apache.cxf.jaxrs.utils.ResourceUtils] - [M: java.lang.Object#wait method is not a valid JAX-RS method as it has no Path and HttpMethod annotations]
[D: 2018-07-12 08:38:35,580] [P: DEBUG] [C: ] [T: main] [L: org.apache.cxf.jaxrs.utils.ResourceUtils] - [M: java.lang.Object#wait method is not a valid JAX-RS method as it has no Path and HttpMethod annotations]
[D: 2018-07-12 08:38:35,580] [P: DEBUG] [C: ] [T: main] [L: org.apache.cxf.jaxrs.utils.ResourceUtils] - [M: java.lang.Object#equals method is not a valid JAX-RS method as it has no Path and HttpMethod annotations]
[D: 2018-07-12 08:38:35,580] [P: DEBUG] [C: ] [T: main] [L: org.apache.cxf.jaxrs.utils.ResourceUtils] - [M: java.lang.Object#toString method is not a valid JAX-RS method as it has no Path and HttpMethod annotations]
[D: 2018-07-12 08:38:35,580] [P: DEBUG] [C: ] [T: main] [L: org.apache.cxf.jaxrs.utils.ResourceUtils] - [M: java.lang.Object#hashCode method is not a valid JAX-RS method as it has no Path and HttpMethod annotations]
[D: 2018-07-12 08:38:35,580] [P: DEBUG] [C: ] [T: main] [L: org.apache.cxf.jaxrs.utils.ResourceUtils] - [M: java.lang.Object#getClass method is not a valid JAX-RS method as it has no Path and HttpMethod annotations]
[D: 2018-07-12 08:38:35,580] [P: DEBUG] [C: ] [T: main] [L: org.apache.cxf.jaxrs.utils.ResourceUtils] - [M: java.lang.Object#notify method is not a valid JAX-RS method as it has no Path and HttpMethod annotations]
[D: 2018-07-12 08:38:35,580] [P: DEBUG] [C: ] [T: main] [L: org.apache.cxf.jaxrs.utils.ResourceUtils] - [M: java.lang.Object#notifyAll method is not a valid JAX-RS method as it has no Path and HttpMethod annotations]
[D: 2018-07-12 08:38:35,626] [P: DEBUG] [C: ] [T: main] [L: org.apache.cxf.configuration.spring.ConfigurerImpl] - [M: Could not determine bean name for instance of class org.apache.cxf.transport.http.HTTPTransportFactory.]
[D: 2018-07-12 08:38:35,626] [P: DEBUG] [C: ] [T: main] [L: org.apache.cxf.configuration.spring.ConfigurerImpl] - [M: Could not determine bean name for instance of class org.apache.cxf.binding.soap.SoapTransportFactory.]
[D: 2018-07-12 08:38:35,673] [P: DEBUG] [C: ] [T: main] [L: org.apache.cxf.configuration.spring.ConfigurerImpl] - [M: Could not find a definition for bean with id {http://rest.impl.service.accesscodemanagement.jumpthequeue.cap.com/}AccesscodemanagementRestServiceImpl.http-destination - no injection will be performed.]
[D: 2018-07-12 08:38:35,673] [P: INFO ] [C: ] [T: main] [L: org.apache.cxf.endpoint.ServerImpl] - [M: Setting the server's publish address to be /rest]
[D: 2018-07-12 08:38:35,673] [P: DEBUG] [C: ] [T: main] [L: org.apache.cxf.configuration.spring.ConfigurerImpl] - [M: Could not determine bean name for instance of class org.apache.cxf.bus.managers.ServerLifeCycleManagerImpl.]
[D: 2018-07-12 08:38:35,720] [P: DEBUG] [C: ] [T: main] [L: org.apache.cxf.jaxrs.model.AbstractResourceInfo] - [M: Injecting a custom context org.apache.cxf.jaxrs.ext.MessageContext, ContextProvider is required for this type]
[D: 2018-07-12 08:38:35,720] [P: DEBUG] [C: ] [T: main] [L: org.apache.cxf.jaxrs.model.AbstractResourceInfo] - [M: Injecting a custom context org.apache.cxf.jaxrs.ext.MessageContext, ContextProvider is required for this type]
[D: 2018-07-12 08:38:35,720] [P: DEBUG] [C: ] [T: main] [L: org.apache.cxf.jaxrs.model.AbstractResourceInfo] - [M: Injecting a custom context org.apache.cxf.jaxrs.ext.MessageContext, ContextProvider is required for this type]
[D: 2018-07-12 08:38:35,720] [P: DEBUG] [C: ] [T: main] [L: org.apache.cxf.jaxrs.model.AbstractResourceInfo] - [M: Injecting a custom context org.apache.cxf.jaxrs.ext.MessageContext, ContextProvider is required for this type]
[D: 2018-07-12 08:38:35,720] [P: DEBUG] [C: ] [T: main] [L: org.apache.cxf.jaxrs.model.AbstractResourceInfo] - [M: Injecting a custom context org.apache.cxf.jaxrs.ext.MessageContext, ContextProvider is required for this type]
[D: 2018-07-12 08:38:35,720] [P: DEBUG] [C: ] [T: main] [L: org.apache.cxf.jaxrs.model.AbstractResourceInfo] - [M: Injecting a custom context org.apache.cxf.jaxrs.ext.MessageContext, ContextProvider is required for this type]
[D: 2018-07-12 08:38:35,736] [P: DEBUG] [C: ] [T: main] [L: org.apache.cxf.jaxrs.provider.ProviderFactory] - [M: Problem with creating the default provider org.apache.cxf.jaxrs.provider.json.JSONProvider: org.apache.cxf.jaxrs.provider.json.JSONProvider]
[D: 2018-07-12 08:38:35,752] [P: DEBUG] [C: ] [T: main] [L: org.apache.cxf.endpoint.ServerImpl] - [M: Server is starting.]
[D: 2018-07-12 08:38:35,752] [P: DEBUG] [C: ] [T: main] [L: org.apache.cxf.transport.servlet.ServletDestination] - [M: registering incoming observer: org.apache.cxf.transport.ChainInitiationObserver@77ec8027]
[D: 2018-07-12 08:38:35,752] [P: DEBUG] [C: ] [T: main] [L: org.apache.cxf.endpoint.ServerImpl] - [M: register the server to serverRegistry ]
[D: 2018-07-12 08:38:35,841] [P: INFO ] [C: ] [T: main] [L: io.oasp.module.cxf.common.impl.server.soap.CxfServerSoapAutoConfiguration] - [M: No SOAP Services have been found. SOAP Endpoint will not be enabled in CXF.]
[D: 2018-07-12 08:38:36,304] [P: INFO ] [C: ] [T: main] [L: org.springframework.boot.actuate.endpoint.mvc.EndpointHandlerMapping] - [M: Mapped "{[/auditevents  |  |  /auditevents.json],methods=[GET],produces=[application/vnd.spring-boot.actuator.v1+json  |  |  application/json]}" onto public org.springframework.http.ResponseEntity<?> org.springframework.boot.actuate.endpoint.mvc.AuditEventsMvcEndpoint.findByPrincipalAndAfterAndType(java.lang.String,java.util.Date,java.lang.String)]
[D: 2018-07-12 08:38:36,304] [P: INFO ] [C: ] [T: main] [L: org.springframework.boot.actuate.endpoint.mvc.EndpointHandlerMapping] - [M: Mapped "{[/env/{name:.*}],methods=[GET],produces=[application/vnd.spring-boot.actuator.v1+json  |  |  application/json]}" onto public java.lang.Object org.springframework.boot.actuate.endpoint.mvc.EnvironmentMvcEndpoint.value(java.lang.String)]
[D: 2018-07-12 08:38:36,304] [P: INFO ] [C: ] [T: main] [L: org.springframework.boot.actuate.endpoint.mvc.EndpointHandlerMapping] - [M: Mapped "{[/env  |  |  /env.json],methods=[GET],produces=[application/vnd.spring-boot.actuator.v1+json  |  |  application/json]}" onto public java.lang.Object org.springframework.boot.actuate.endpoint.mvc.EndpointMvcAdapter.invoke()]
[D: 2018-07-12 08:38:36,304] [P: INFO ] [C: ] [T: main] [L: org.springframework.boot.actuate.endpoint.mvc.EndpointHandlerMapping] - [M: Mapped "{[/heapdump  |  |  /heapdump.json],methods=[GET],produces=[application/octet-stream]}" onto public void org.springframework.boot.actuate.endpoint.mvc.HeapdumpMvcEndpoint.invoke(boolean,javax.servlet.http.HttpServletRequest,javax.servlet.http.HttpServletResponse) throws java.io.IOException,javax.servlet.ServletException]
[D: 2018-07-12 08:38:36,304] [P: INFO ] [C: ] [T: main] [L: org.springframework.boot.actuate.endpoint.mvc.EndpointHandlerMapping] - [M: Mapped "{[/beans  |  |  /beans.json],methods=[GET],produces=[application/vnd.spring-boot.actuator.v1+json  |  |  application/json]}" onto public java.lang.Object org.springframework.boot.actuate.endpoint.mvc.EndpointMvcAdapter.invoke()]
[D: 2018-07-12 08:38:36,320] [P: INFO ] [C: ] [T: main] [L: org.springframework.boot.actuate.endpoint.mvc.EndpointHandlerMapping] - [M: Mapped "{[/configprops  |  |  /configprops.json],methods=[GET],produces=[application/vnd.spring-boot.actuator.v1+json  |  |  application/json]}" onto public java.lang.Object org.springframework.boot.actuate.endpoint.mvc.EndpointMvcAdapter.invoke()]
[D: 2018-07-12 08:38:36,320] [P: INFO ] [C: ] [T: main] [L: org.springframework.boot.actuate.endpoint.mvc.EndpointHandlerMapping] - [M: Mapped "{[/mappings  |  |  /mappings.json],methods=[GET],produces=[application/vnd.spring-boot.actuator.v1+json  |  |  application/json]}" onto public java.lang.Object org.springframework.boot.actuate.endpoint.mvc.EndpointMvcAdapter.invoke()]
[D: 2018-07-12 08:38:36,320] [P: INFO ] [C: ] [T: main] [L: org.springframework.boot.actuate.endpoint.mvc.EndpointHandlerMapping] - [M: Mapped "{[/dump  |  |  /dump.json],methods=[GET],produces=[application/vnd.spring-boot.actuator.v1+json  |  |  application/json]}" onto public java.lang.Object org.springframework.boot.actuate.endpoint.mvc.EndpointMvcAdapter.invoke()]
[D: 2018-07-12 08:38:36,320] [P: INFO ] [C: ] [T: main] [L: org.springframework.boot.actuate.endpoint.mvc.EndpointHandlerMapping] - [M: Mapped "{[/flyway  |  |  /flyway.json],methods=[GET],produces=[application/vnd.spring-boot.actuator.v1+json  |  |  application/json]}" onto public java.lang.Object org.springframework.boot.actuate.endpoint.mvc.EndpointMvcAdapter.invoke()]
[D: 2018-07-12 08:38:36,320] [P: INFO ] [C: ] [T: main] [L: org.springframework.boot.actuate.endpoint.mvc.EndpointHandlerMapping] - [M: Mapped "{[/loggers/{name:.*}],methods=[GET],produces=[application/vnd.spring-boot.actuator.v1+json  |  |  application/json]}" onto public java.lang.Object org.springframework.boot.actuate.endpoint.mvc.LoggersMvcEndpoint.get(java.lang.String)]
[D: 2018-07-12 08:38:36,320] [P: INFO ] [C: ] [T: main] [L: org.springframework.boot.actuate.endpoint.mvc.EndpointHandlerMapping] - [M: Mapped "{[/loggers/{name:.*}],methods=[POST],consumes=[application/vnd.spring-boot.actuator.v1+json  |  |  application/json],produces=[application/vnd.spring-boot.actuator.v1+json  |  |  application/json]}" onto public java.lang.Object org.springframework.boot.actuate.endpoint.mvc.LoggersMvcEndpoint.set(java.lang.String,java.util.Map<java.lang.String, java.lang.String>)]
[D: 2018-07-12 08:38:36,320] [P: INFO ] [C: ] [T: main] [L: org.springframework.boot.actuate.endpoint.mvc.EndpointHandlerMapping] - [M: Mapped "{[/loggers  |  |  /loggers.json],methods=[GET],produces=[application/vnd.spring-boot.actuator.v1+json  |  |  application/json]}" onto public java.lang.Object org.springframework.boot.actuate.endpoint.mvc.EndpointMvcAdapter.invoke()]
[D: 2018-07-12 08:38:36,320] [P: INFO ] [C: ] [T: main] [L: org.springframework.boot.actuate.endpoint.mvc.EndpointHandlerMapping] - [M: Mapped "{[/metrics/{name:.*}],methods=[GET],produces=[application/vnd.spring-boot.actuator.v1+json  |  |  application/json]}" onto public java.lang.Object org.springframework.boot.actuate.endpoint.mvc.MetricsMvcEndpoint.value(java.lang.String)]
[D: 2018-07-12 08:38:36,320] [P: INFO ] [C: ] [T: main] [L: org.springframework.boot.actuate.endpoint.mvc.EndpointHandlerMapping] - [M: Mapped "{[/metrics  |  |  /metrics.json],methods=[GET],produces=[application/vnd.spring-boot.actuator.v1+json  |  |  application/json]}" onto public java.lang.Object org.springframework.boot.actuate.endpoint.mvc.EndpointMvcAdapter.invoke()]
[D: 2018-07-12 08:38:36,320] [P: INFO ] [C: ] [T: main] [L: org.springframework.boot.actuate.endpoint.mvc.EndpointHandlerMapping] - [M: Mapped "{[/autoconfig  |  |  /autoconfig.json],methods=[GET],produces=[application/vnd.spring-boot.actuator.v1+json  |  |  application/json]}" onto public java.lang.Object org.springframework.boot.actuate.endpoint.mvc.EndpointMvcAdapter.invoke()]
[D: 2018-07-12 08:38:36,336] [P: INFO ] [C: ] [T: main] [L: org.springframework.boot.actuate.endpoint.mvc.EndpointHandlerMapping] - [M: Mapped "{[/health  |  |  /health.json],methods=[GET],produces=[application/vnd.spring-boot.actuator.v1+json  |  |  application/json]}" onto public java.lang.Object org.springframework.boot.actuate.endpoint.mvc.HealthMvcEndpoint.invoke(javax.servlet.http.HttpServletRequest,java.security.Principal)]
[D: 2018-07-12 08:38:36,336] [P: INFO ] [C: ] [T: main] [L: org.springframework.boot.actuate.endpoint.mvc.EndpointHandlerMapping] - [M: Mapped "{[/info  |  |  /info.json],methods=[GET],produces=[application/vnd.spring-boot.actuator.v1+json  |  |  application/json]}" onto public java.lang.Object org.springframework.boot.actuate.endpoint.mvc.EndpointMvcAdapter.invoke()]
[D: 2018-07-12 08:38:36,336] [P: INFO ] [C: ] [T: main] [L: org.springframework.boot.actuate.endpoint.mvc.EndpointHandlerMapping] - [M: Mapped "{[/trace  |  |  /trace.json],methods=[GET],produces=[application/vnd.spring-boot.actuator.v1+json  |  |  application/json]}" onto public java.lang.Object org.springframework.boot.actuate.endpoint.mvc.EndpointMvcAdapter.invoke()]
[D: 2018-07-12 08:38:36,539] [P: INFO ] [C: ] [T: main] [L: org.springframework.jmx.export.annotation.AnnotationMBeanExporter] - [M: Registering beans for JMX exposure on startup]
[D: 2018-07-12 08:38:36,539] [P: INFO ] [C: ] [T: main] [L: org.springframework.boot.actuate.endpoint.jmx.EndpointMBeanExporter] - [M: Registering beans for JMX exposure on startup]
[D: 2018-07-12 08:38:36,554] [P: INFO ] [C: ] [T: main] [L: org.springframework.context.support.DefaultLifecycleProcessor] - [M: Starting beans in phase 0]
[D: 2018-07-12 08:38:36,554] [P: INFO ] [C: ] [T: main] [L: org.springframework.boot.actuate.endpoint.jmx.EndpointMBeanExporter] - [M: Located managed bean 'auditEventsEndpoint': registering with JMX server as MBean [org.springframework.boot:type=Endpoint,name=auditEventsEndpoint]]
[D: 2018-07-12 08:38:36,601] [P: INFO ] [C: ] [T: main] [L: org.springframework.boot.actuate.endpoint.jmx.EndpointMBeanExporter] - [M: Located managed bean 'requestMappingEndpoint': registering with JMX server as MBean [org.springframework.boot:type=Endpoint,name=requestMappingEndpoint]]
[D: 2018-07-12 08:38:36,617] [P: INFO ] [C: ] [T: main] [L: org.springframework.boot.actuate.endpoint.jmx.EndpointMBeanExporter] - [M: Located managed bean 'flywayEndpoint': registering with JMX server as MBean [org.springframework.boot:type=Endpoint,name=flywayEndpoint]]
[D: 2018-07-12 08:38:36,633] [P: INFO ] [C: ] [T: main] [L: org.springframework.boot.actuate.endpoint.jmx.EndpointMBeanExporter] - [M: Located managed bean 'environmentEndpoint': registering with JMX server as MBean [org.springframework.boot:type=Endpoint,name=environmentEndpoint]]
[D: 2018-07-12 08:38:36,633] [P: INFO ] [C: ] [T: main] [L: org.springframework.boot.actuate.endpoint.jmx.EndpointMBeanExporter] - [M: Located managed bean 'healthEndpoint': registering with JMX server as MBean [org.springframework.boot:type=Endpoint,name=healthEndpoint]]
[D: 2018-07-12 08:38:36,648] [P: INFO ] [C: ] [T: main] [L: org.springframework.boot.actuate.endpoint.jmx.EndpointMBeanExporter] - [M: Located managed bean 'beansEndpoint': registering with JMX server as MBean [org.springframework.boot:type=Endpoint,name=beansEndpoint]]
[D: 2018-07-12 08:38:36,648] [P: INFO ] [C: ] [T: main] [L: org.springframework.boot.actuate.endpoint.jmx.EndpointMBeanExporter] - [M: Located managed bean 'infoEndpoint': registering with JMX server as MBean [org.springframework.boot:type=Endpoint,name=infoEndpoint]]
[D: 2018-07-12 08:38:36,648] [P: INFO ] [C: ] [T: main] [L: org.springframework.boot.actuate.endpoint.jmx.EndpointMBeanExporter] - [M: Located managed bean 'loggersEndpoint': registering with JMX server as MBean [org.springframework.boot:type=Endpoint,name=loggersEndpoint]]
[D: 2018-07-12 08:38:36,648] [P: INFO ] [C: ] [T: main] [L: org.springframework.boot.actuate.endpoint.jmx.EndpointMBeanExporter] - [M: Located managed bean 'metricsEndpoint': registering with JMX server as MBean [org.springframework.boot:type=Endpoint,name=metricsEndpoint]]
[D: 2018-07-12 08:38:36,664] [P: INFO ] [C: ] [T: main] [L: org.springframework.boot.actuate.endpoint.jmx.EndpointMBeanExporter] - [M: Located managed bean 'traceEndpoint': registering with JMX server as MBean [org.springframework.boot:type=Endpoint,name=traceEndpoint]]
[D: 2018-07-12 08:38:36,664] [P: INFO ] [C: ] [T: main] [L: org.springframework.boot.actuate.endpoint.jmx.EndpointMBeanExporter] - [M: Located managed bean 'dumpEndpoint': registering with JMX server as MBean [org.springframework.boot:type=Endpoint,name=dumpEndpoint]]
[D: 2018-07-12 08:38:36,680] [P: INFO ] [C: ] [T: main] [L: org.springframework.boot.actuate.endpoint.jmx.EndpointMBeanExporter] - [M: Located managed bean 'autoConfigurationReportEndpoint': registering with JMX server as MBean [org.springframework.boot:type=Endpoint,name=autoConfigurationReportEndpoint]]
[D: 2018-07-12 08:38:36,680] [P: INFO ] [C: ] [T: main] [L: org.springframework.boot.actuate.endpoint.jmx.EndpointMBeanExporter] - [M: Located managed bean 'configurationPropertiesReportEndpoint': registering with JMX server as MBean [org.springframework.boot:type=Endpoint,name=configurationPropertiesReportEndpoint]]
[D: 2018-07-12 08:38:36,711] [P: INFO ] [C: ] [T: main] [L: org.apache.coyote.http11.Http11NioProtocol] - [M: Initializing ProtocolHandler ["http-nio-8081"]]
[D: 2018-07-12 08:38:36,742] [P: INFO ] [C: ] [T: main] [L: org.apache.coyote.http11.Http11NioProtocol] - [M: Starting ProtocolHandler ["http-nio-8081"]]
[D: 2018-07-12 08:38:36,773] [P: INFO ] [C: ] [T: main] [L: org.apache.tomcat.util.net.NioSelectorPool] - [M: Using a shared selector for servlet write/read]
[D: 2018-07-12 08:38:36,805] [P: INFO ] [C: ] [T: main] [L: org.springframework.boot.context.embedded.tomcat.TomcatEmbeddedServletContainer] - [M: Tomcat started on port(s): 8081 (http)]
[D: 2018-07-12 08:38:36,820] [P: INFO ] [C: ] [T: main] [L: com.cap.jumpthequeue.SpringBootApp] - [M: Started SpringBootApp in 12.616 seconds (JVM running for 21.233)]
[D: 2018-07-12 08:42:05,925] [P: INFO ] [C: ] [T: http-nio-8081-exec-3] [L: org.apache.catalina.core.ContainerBase.[Tomcat].[localhost].[/jumpthequeue]] - [M: Initializing Spring FrameworkServlet 'dispatcherServlet']
[D: 2018-07-12 08:42:05,926] [P: INFO ] [C: ] [T: http-nio-8081-exec-3] [L: org.springframework.web.servlet.DispatcherServlet] - [M: FrameworkServlet 'dispatcherServlet': initialization started]
[D: 2018-07-12 08:42:05,970] [P: INFO ] [C: ] [T: http-nio-8081-exec-3] [L: org.springframework.web.servlet.DispatcherServlet] - [M: FrameworkServlet 'dispatcherServlet': initialization completed in 44 ms]
[D: 2018-07-12 08:42:09,390] [P: WARN ] [C: ] [T: http-nio-8081-exec-5] [L: com.cap.jumpthequeue.general.common.impl.security.BaseUserDetailsService] - [M: Undefined access control waiter.]
[D: 2018-07-12 08:42:09,440] [P: INFO ] [C: ] [T: http-nio-8081-exec-2] [L: io.oasp.module.logging.common.impl.PerformanceLogFilter] - [M: http://localhost:8081/jumpthequeue/index.html;19;200;;]
[D: 2018-07-12 08:42:09,442] [P: INFO ] [C: ] [T: http-nio-8081-exec-2] [L: io.oasp.module.logging.common.impl.PerformanceLogFilter] - [M: http://localhost:8081/jumpthequeue/;41;200;;]
[D: 2018-07-12 08:42:11,038] [P: DEBUG] [C: ] [T: http-nio-8081-exec-7] [L: org.apache.cxf.resource.DefaultResourceManager] - [M: resolving resource </WEB-INF/cxfServletStaticResourcesMap.txt> type <class java.io.InputStream>]
[D: 2018-07-12 08:42:11,042] [P: DEBUG] [C: ] [T: http-nio-8081-exec-7] [L: org.apache.cxf.resource.DefaultResourceManager] - [M: resolving resource </cxfServletStaticResourcesMap.txt> type <class java.io.InputStream>]
[D: 2018-07-12 08:42:11,049] [P: DEBUG] [C: ] [T: http-nio-8081-exec-7] [L: io.oasp.module.logging.common.impl.DiagnosticContextFilter] - [M: No correlation ID found for HTTP header X-Correlation-Id.]
[D: 2018-07-12 08:42:11,049] [P: DEBUG] [C: 84936d4d-9077-4df3-8d13-95bc170a5dcd] [T: http-nio-8081-exec-7] [L: io.oasp.module.logging.common.impl.DiagnosticContextFilter] - [M: Created unique correlation ID 84936d4d-9077-4df3-8d13-95bc170a5dcd.]
[D: 2018-07-12 08:42:11,056] [P: INFO ] [C: ] [T: http-nio-8081-exec-7] [L: io.oasp.module.logging.common.impl.PerformanceLogFilter] - [M: http://localhost:8081/jumpthequeue/services/;6;200;;]
[D: 2018-07-12 08:42:11,067] [P: DEBUG] [C: ] [T: http-nio-8081-exec-8] [L: io.oasp.module.logging.common.impl.DiagnosticContextFilter] - [M: No correlation ID found for HTTP header X-Correlation-Id.]
[D: 2018-07-12 08:42:11,068] [P: DEBUG] [C: 5d577918-d1d5-47f1-b6da-438fa0d55228] [T: http-nio-8081-exec-8] [L: io.oasp.module.logging.common.impl.DiagnosticContextFilter] - [M: Created unique correlation ID 5d577918-d1d5-47f1-b6da-438fa0d55228.]
[D: 2018-07-12 08:42:11,077] [P: INFO ] [C: ] [T: http-nio-8081-exec-8] [L: io.oasp.module.logging.common.impl.PerformanceLogFilter] - [M: http://localhost:8081/jumpthequeue/services/;9;200;;]
[D: 2018-07-12 08:42:13,561] [P: INFO ] [C: ] [T: http-nio-8081-exec-9] [L: io.oasp.module.logging.common.impl.PerformanceLogFilter] - [M: http://localhost:8081/jumpthequeue/index.html;6;200;;]
[D: 2018-07-12 08:42:13,563] [P: INFO ] [C: ] [T: http-nio-8081-exec-9] [L: io.oasp.module.logging.common.impl.PerformanceLogFilter] - [M: http://localhost:8081/jumpthequeue/;22;200;;]
[D: 2018-07-12 08:42:59,473] [P: DEBUG] [C: ] [T: http-nio-8081-exec-3] [L: io.oasp.module.logging.common.impl.DiagnosticContextFilter] - [M: No correlation ID found for HTTP header X-Correlation-Id.]
[D: 2018-07-12 08:42:59,478] [P: DEBUG] [C: c4019d69-bc46-4be9-a823-46352d9427fd] [T: http-nio-8081-exec-3] [L: io.oasp.module.logging.common.impl.DiagnosticContextFilter] - [M: Created unique correlation ID c4019d69-bc46-4be9-a823-46352d9427fd.]
[D: 2018-07-12 08:42:59,479] [P: DEBUG] [C: c4019d69-bc46-4be9-a823-46352d9427fd] [T: http-nio-8081-exec-3] [L: org.apache.cxf.transport.servlet.ServletController] - [M: Service http request on thread: Thread[http-nio-8081-exec-3,5,com.cap.jumpthequeue.SpringBootApp]]
[D: 2018-07-12 08:42:59,480] [P: DEBUG] [C: c4019d69-bc46-4be9-a823-46352d9427fd] [T: http-nio-8081-exec-3] [L: org.apache.cxf.transport.http.AbstractHTTPDestination] - [M: Create a new message for processing]
[D: 2018-07-12 08:42:59,506] [P: DEBUG] [C: c4019d69-bc46-4be9-a823-46352d9427fd] [T: http-nio-8081-exec-3] [L: org.apache.cxf.transport.http.Headers] - [M: Request Headers: {Accept=[text/html,application/xhtml+xml,application/xml;q=0.9,image/webp,image/apng,*/*;q=0.8], accept-encoding=[gzip, deflate, br], accept-language=[en-US,en;q=0.9,es;q=0.8], Authorization=[***], connection=[keep-alive], Content-Type=[null], cookie=[JSESSIONID=28F51148F6CAB2D56EE0E9447D23879A], host=[localhost:8081], Proxy-Authorization=[***], upgrade-insecure-requests=[1], user-agent=[Mozilla/5.0 (Windows NT 10.0; Win64; x64) AppleWebKit/537.36 (KHTML, like Gecko) Chrome/67.0.3396.99 Safari/537.36]}]
[D: 2018-07-12 08:42:59,544] [P: DEBUG] [C: c4019d69-bc46-4be9-a823-46352d9427fd] [T: http-nio-8081-exec-3] [L: org.apache.cxf.configuration.spring.ConfigurerImpl] - [M: Could not determine bean name for instance of class org.apache.cxf.bus.managers.PhaseManagerImpl.]
[D: 2018-07-12 08:42:59,553] [P: DEBUG] [C: c4019d69-bc46-4be9-a823-46352d9427fd] [T: http-nio-8081-exec-3] [L: org.apache.cxf.phase.PhaseInterceptorChain] - [M: Adding interceptor org.apache.cxf.ws.policy.PolicyInInterceptor@25664412 to phase receive]
[D: 2018-07-12 08:42:59,555] [P: DEBUG] [C: c4019d69-bc46-4be9-a823-46352d9427fd] [T: http-nio-8081-exec-3] [L: org.apache.cxf.phase.PhaseInterceptorChain] - [M: Adding interceptor org.apache.cxf.interceptor.ServiceInvokerInterceptor@6f9dbd27 to phase invoke]
[D: 2018-07-12 08:42:59,555] [P: DEBUG] [C: c4019d69-bc46-4be9-a823-46352d9427fd] [T: http-nio-8081-exec-3] [L: org.apache.cxf.phase.PhaseInterceptorChain] - [M: Adding interceptor org.apache.cxf.interceptor.OutgoingChainInterceptor@6fb6c3bb to phase post-invoke]
[D: 2018-07-12 08:42:59,556] [P: DEBUG] [C: c4019d69-bc46-4be9-a823-46352d9427fd] [T: http-nio-8081-exec-3] [L: org.apache.cxf.phase.PhaseInterceptorChain] - [M: Adding interceptor org.apache.cxf.interceptor.OneWayProcessorInterceptor@47e82e15 to phase pre-logical]
[D: 2018-07-12 08:42:59,556] [P: DEBUG] [C: c4019d69-bc46-4be9-a823-46352d9427fd] [T: http-nio-8081-exec-3] [L: org.apache.cxf.phase.PhaseInterceptorChain] - [M: Adding interceptor org.apache.cxf.jaxrs.interceptor.JAXRSInInterceptor@50b9b42e to phase unmarshal]
[D: 2018-07-12 08:42:59,565] [P: DEBUG] [C: c4019d69-bc46-4be9-a823-46352d9427fd] [T: http-nio-8081-exec-3] [L: org.apache.cxf.phase.PhaseInterceptorChain] - [M: Adding interceptor org.apache.cxf.transport.https.CertConstraintsInterceptor@d23fa86 to phase pre-stream]
[D: 2018-07-12 08:42:59,568] [P: DEBUG] [C: c4019d69-bc46-4be9-a823-46352d9427fd] [T: http-nio-8081-exec-3] [L: org.apache.cxf.phase.PhaseInterceptorChain] - [M: Chain org.apache.cxf.phase.PhaseInterceptorChain@5c4fe550 was created. Current flow: |   receive [PolicyInInterceptor] |   pre-stream [CertConstraintsInterceptor] |   unmarshal [JAXRSInInterceptor] |   pre-logical [OneWayProcessorInterceptor] |   invoke [ServiceInvokerInterceptor] |   post-invoke [OutgoingChainInterceptor] | ]
[D: 2018-07-12 08:42:59,573] [P: DEBUG] [C: c4019d69-bc46-4be9-a823-46352d9427fd] [T: http-nio-8081-exec-3] [L: org.apache.cxf.phase.PhaseInterceptorChain] - [M: Invoking handleMessage on interceptor org.apache.cxf.ws.policy.PolicyInInterceptor@25664412]
[D: 2018-07-12 08:42:59,627] [P: DEBUG] [C: c4019d69-bc46-4be9-a823-46352d9427fd] [T: http-nio-8081-exec-3] [L: org.apache.cxf.configuration.spring.ConfigurerImpl] - [M: Could not determine bean name for instance of class org.apache.cxf.ws.policy.AssertionBuilderRegistryImpl.]
[D: 2018-07-12 08:42:59,638] [P: DEBUG] [C: c4019d69-bc46-4be9-a823-46352d9427fd] [T: http-nio-8081-exec-3] [L: org.apache.cxf.configuration.spring.ConfigurerImpl] - [M: Could not determine bean name for instance of class org.apache.cxf.ws.policy.PolicyBuilderImpl.]
[D: 2018-07-12 08:42:59,649] [P: DEBUG] [C: c4019d69-bc46-4be9-a823-46352d9427fd] [T: http-nio-8081-exec-3] [L: org.apache.cxf.configuration.spring.ConfigurerImpl] - [M: Could not determine bean name for instance of class org.apache.cxf.ws.policy.attachment.ServiceModelPolicyProvider.]
[D: 2018-07-12 08:42:59,653] [P: DEBUG] [C: c4019d69-bc46-4be9-a823-46352d9427fd] [T: http-nio-8081-exec-3] [L: org.apache.cxf.configuration.spring.ConfigurerImpl] - [M: Could not determine bean name for instance of class org.apache.cxf.ws.policy.attachment.wsdl11.Wsdl11AttachmentPolicyProvider.]
[D: 2018-07-12 08:42:59,656] [P: DEBUG] [C: c4019d69-bc46-4be9-a823-46352d9427fd] [T: http-nio-8081-exec-3] [L: org.apache.cxf.configuration.spring.ConfigurerImpl] - [M: Could not determine bean name for instance of class org.apache.cxf.ws.policy.PolicyInterceptorProviderRegistryImpl.]
[D: 2018-07-12 08:42:59,660] [P: DEBUG] [C: c4019d69-bc46-4be9-a823-46352d9427fd] [T: http-nio-8081-exec-3] [L: org.apache.cxf.phase.PhaseInterceptorChain] - [M: Invoking handleMessage on interceptor org.apache.cxf.transport.https.CertConstraintsInterceptor@d23fa86]
[D: 2018-07-12 08:42:59,662] [P: DEBUG] [C: c4019d69-bc46-4be9-a823-46352d9427fd] [T: http-nio-8081-exec-3] [L: org.apache.cxf.phase.PhaseInterceptorChain] - [M: Invoking handleMessage on interceptor org.apache.cxf.jaxrs.interceptor.JAXRSInInterceptor@50b9b42e]
[D: 2018-07-12 08:42:59,688] [P: DEBUG] [C: c4019d69-bc46-4be9-a823-46352d9427fd] [T: http-nio-8081-exec-3] [L: org.apache.cxf.jaxrs.utils.JAXRSUtils] - [M: Trying to select a resource class, request path : /visitormanagement/v1/visitor/1]
[D: 2018-07-12 08:42:59,699] [P: DEBUG] [C: c4019d69-bc46-4be9-a823-46352d9427fd] [T: http-nio-8081-exec-3] [L: org.apache.cxf.jaxrs.utils.JAXRSUtils] - [M: No resource class match for com.cap.jumpthequeue.accesscodemanagement.service.impl.rest.AccesscodemanagementRestServiceImpl, request path : /visitormanagement/v1/visitor/1]
[D: 2018-07-12 08:42:59,700] [P: DEBUG] [C: c4019d69-bc46-4be9-a823-46352d9427fd] [T: http-nio-8081-exec-3] [L: org.apache.cxf.jaxrs.utils.JAXRSUtils] - [M: No resource class match for com.cap.jumpthequeue.general.service.impl.rest.SecurityRestServiceImpl, request path : /visitormanagement/v1/visitor/1]
[D: 2018-07-12 08:42:59,701] [P: DEBUG] [C: c4019d69-bc46-4be9-a823-46352d9427fd] [T: http-nio-8081-exec-3] [L: org.apache.cxf.jaxrs.utils.JAXRSUtils] - [M: Resource class com.cap.jumpthequeue.visitormanagement.service.impl.rest.VisitormanagementRestServiceImpl may get selected, request path : com.cap.jumpthequeue.visitormanagement.service.impl.rest.VisitormanagementRestServiceImpl, resource class @Path : /visitormanagement/v1/visitor/1]
[D: 2018-07-12 08:42:59,702] [P: DEBUG] [C: c4019d69-bc46-4be9-a823-46352d9427fd] [T: http-nio-8081-exec-3] [L: org.apache.cxf.jaxrs.utils.JAXRSUtils] - [M: Resource class com.cap.jumpthequeue.visitormanagement.service.impl.rest.VisitormanagementRestServiceImpl has been selected, request path : com.cap.jumpthequeue.visitormanagement.service.impl.rest.VisitormanagementRestServiceImpl, resource class @Path : /visitormanagement/v1/visitor/1]
[D: 2018-07-12 08:42:59,705] [P: DEBUG] [C: c4019d69-bc46-4be9-a823-46352d9427fd] [T: http-nio-8081-exec-3] [L: org.apache.cxf.jaxrs.utils.JAXRSUtils] - [M: Trying to select a resource operation on the resource class com.cap.jumpthequeue.visitormanagement.service.impl.rest.VisitormanagementRestServiceImpl]
[D: 2018-07-12 08:42:59,712] [P: DEBUG] [C: c4019d69-bc46-4be9-a823-46352d9427fd] [T: http-nio-8081-exec-3] [L: org.apache.cxf.jaxrs.utils.JAXRSUtils] - [M: Resource operation getVisitor may get selected]
[D: 2018-07-12 08:42:59,742] [P: DEBUG] [C: c4019d69-bc46-4be9-a823-46352d9427fd] [T: http-nio-8081-exec-3] [L: org.apache.cxf.jaxrs.utils.JAXRSUtils] - [M: No method match, method name : findVisitorCtosByPost, request path : /visitor/1, method @Path : /visitor/cto/search, HTTP Method : GET, method HTTP Method : POST, ContentType : */*, method @Consumes : application/json,, Accept : text/html,application/xhtml+xml,image/webp,image/apng,application/xml;q=0.9,*/*;q=0.8,, method @Produces : application/json,.]
[D: 2018-07-12 08:42:59,745] [P: DEBUG] [C: c4019d69-bc46-4be9-a823-46352d9427fd] [T: http-nio-8081-exec-3] [L: org.apache.cxf.jaxrs.utils.JAXRSUtils] - [M: No method match, method name : findVisitorsByPost, request path : /visitor/1, method @Path : /visitor/search, HTTP Method : GET, method HTTP Method : POST, ContentType : */*, method @Consumes : application/json,, Accept : text/html,application/xhtml+xml,image/webp,image/apng,application/xml;q=0.9,*/*;q=0.8,, method @Produces : application/json,.]
[D: 2018-07-12 08:42:59,746] [P: DEBUG] [C: c4019d69-bc46-4be9-a823-46352d9427fd] [T: http-nio-8081-exec-3] [L: org.apache.cxf.jaxrs.utils.JAXRSUtils] - [M: No method match, method name : getVisitorCto, request path : /visitor/1, method @Path : /visitor/cto/{id}/, HTTP Method : GET, method HTTP Method : GET, ContentType : */*, method @Consumes : application/json,, Accept : text/html,application/xhtml+xml,image/webp,image/apng,application/xml;q=0.9,*/*;q=0.8,, method @Produces : application/json,.]
[D: 2018-07-12 08:42:59,747] [P: DEBUG] [C: c4019d69-bc46-4be9-a823-46352d9427fd] [T: http-nio-8081-exec-3] [L: org.apache.cxf.jaxrs.utils.JAXRSUtils] - [M: No method match, method name : deleteVisitor, request path : /visitor/1, method @Path : /visitor/{id}/, HTTP Method : GET, method HTTP Method : DELETE, ContentType : */*, method @Consumes : application/json,, Accept : text/html,application/xhtml+xml,image/webp,image/apng,application/xml;q=0.9,*/*;q=0.8,, method @Produces : application/json,.]
[D: 2018-07-12 08:42:59,748] [P: DEBUG] [C: c4019d69-bc46-4be9-a823-46352d9427fd] [T: http-nio-8081-exec-3] [L: org.apache.cxf.jaxrs.utils.JAXRSUtils] - [M: No method match, method name : registerVisitor, request path : /visitor/1, method @Path : /register/, HTTP Method : GET, method HTTP Method : POST, ContentType : */*, method @Consumes : application/json,, Accept : text/html,application/xhtml+xml,image/webp,image/apng,application/xml;q=0.9,*/*;q=0.8,, method @Produces : application/json,.]
[D: 2018-07-12 08:42:59,756] [P: DEBUG] [C: c4019d69-bc46-4be9-a823-46352d9427fd] [T: http-nio-8081-exec-3] [L: org.apache.cxf.jaxrs.utils.JAXRSUtils] - [M: No method match, method name : saveVisitor, request path : /visitor/1, method @Path : /visitor/, HTTP Method : GET, method HTTP Method : POST, ContentType : */*, method @Consumes : application/json,, Accept : text/html,application/xhtml+xml,image/webp,image/apng,application/xml;q=0.9,*/*;q=0.8,, method @Produces : application/json,.]
[D: 2018-07-12 08:42:59,760] [P: DEBUG] [C: c4019d69-bc46-4be9-a823-46352d9427fd] [T: http-nio-8081-exec-3] [L: org.apache.cxf.jaxrs.utils.JAXRSUtils] - [M: Resource operation getVisitor on the resource class com.cap.jumpthequeue.visitormanagement.service.impl.rest.VisitormanagementRestServiceImpl has been selected]
[D: 2018-07-12 08:42:59,762] [P: DEBUG] [C: c4019d69-bc46-4be9-a823-46352d9427fd] [T: http-nio-8081-exec-3] [L: org.apache.cxf.jaxrs.interceptor.JAXRSInInterceptor] - [M: Request path is: /visitormanagement/v1/visitor/1]
[D: 2018-07-12 08:42:59,763] [P: DEBUG] [C: c4019d69-bc46-4be9-a823-46352d9427fd] [T: http-nio-8081-exec-3] [L: org.apache.cxf.jaxrs.interceptor.JAXRSInInterceptor] - [M: Request HTTP method is: GET]
[D: 2018-07-12 08:42:59,764] [P: DEBUG] [C: c4019d69-bc46-4be9-a823-46352d9427fd] [T: http-nio-8081-exec-3] [L: org.apache.cxf.jaxrs.interceptor.JAXRSInInterceptor] - [M: Request contentType is: */*]
[D: 2018-07-12 08:42:59,764] [P: DEBUG] [C: c4019d69-bc46-4be9-a823-46352d9427fd] [T: http-nio-8081-exec-3] [L: org.apache.cxf.jaxrs.interceptor.JAXRSInInterceptor] - [M: Accept contentType is: text/html,application/xhtml+xml,application/xml;q=0.9,image/webp,image/apng,*/*;q=0.8]
[D: 2018-07-12 08:42:59,765] [P: DEBUG] [C: c4019d69-bc46-4be9-a823-46352d9427fd] [T: http-nio-8081-exec-3] [L: org.apache.cxf.jaxrs.interceptor.JAXRSInInterceptor] - [M: Found operation: getVisitor]
[D: 2018-07-12 08:42:59,768] [P: DEBUG] [C: c4019d69-bc46-4be9-a823-46352d9427fd] [T: http-nio-8081-exec-3] [L: org.apache.cxf.phase.PhaseInterceptorChain] - [M: Invoking handleMessage on interceptor org.apache.cxf.interceptor.OneWayProcessorInterceptor@47e82e15]
[D: 2018-07-12 08:42:59,769] [P: DEBUG] [C: c4019d69-bc46-4be9-a823-46352d9427fd] [T: http-nio-8081-exec-3] [L: org.apache.cxf.phase.PhaseInterceptorChain] - [M: Invoking handleMessage on interceptor org.apache.cxf.interceptor.ServiceInvokerInterceptor@6f9dbd27]
[D: 2018-07-12 08:42:59,772] [P: DEBUG] [C: c4019d69-bc46-4be9-a823-46352d9427fd] [T: http-nio-8081-exec-3] [L: org.apache.cxf.service.invoker.AbstractInvoker] - [M: Invoking method public com.cap.jumpthequeue.visitormanagement.logic.api.to.VisitorEto com.cap.jumpthequeue.visitormanagement.service.impl.rest.VisitormanagementRestServiceImpl.getVisitor(long) on object com.cap.jumpthequeue.visitormanagement.service.impl.rest.VisitormanagementRestServiceImpl@3e267d66 with params [1].]
[D: 2018-07-12 08:42:59,902] [P: DEBUG] [C: c4019d69-bc46-4be9-a823-46352d9427fd] [T: http-nio-8081-exec-3] [L: com.cap.jumpthequeue.visitormanagement.logic.impl.VisitormanagementImpl] - [M: Get Visitor with id 1 from database.]
[D: 2018-07-12 08:42:59,983] [P: INFO ] [C: c4019d69-bc46-4be9-a823-46352d9427fd] [T: http-nio-8081-exec-3] [L: org.dozer.DozerBeanMapper] - [M: Using the following xml files to load custom mappings for the bean mapper instance: [config/app/common/dozer-mapping.xml]]
[D: 2018-07-12 08:42:59,984] [P: INFO ] [C: c4019d69-bc46-4be9-a823-46352d9427fd] [T: http-nio-8081-exec-3] [L: org.dozer.DozerBeanMapper] - [M: Trying to find xml mapping file: config/app/common/dozer-mapping.xml]
[D: 2018-07-12 08:42:59,992] [P: INFO ] [C: c4019d69-bc46-4be9-a823-46352d9427fd] [T: http-nio-8081-exec-3] [L: org.dozer.DozerBeanMapper] - [M: Using URL [jar:file:/C:/Users/mruizand/Devon-dist_2.4.0/conf/.m2/repository/com/cap/jumpthequeue-core/0.1/jumpthequeue-core-0.1.jar!/config/app/common/dozer-mapping.xml] to load custom xml mappings]
[D: 2018-07-12 08:43:00,042] [P: INFO ] [C: c4019d69-bc46-4be9-a823-46352d9427fd] [T: http-nio-8081-exec-3] [L: org.dozer.DozerBeanMapper] - [M: Successfully loaded custom xml mappings from URL: [jar:file:/C:/Users/mruizand/Devon-dist_2.4.0/conf/.m2/repository/com/cap/jumpthequeue-core/0.1/jumpthequeue-core-0.1.jar!/config/app/common/dozer-mapping.xml]]
[D: 2018-07-12 08:43:00,078] [P: DEBUG] [C: c4019d69-bc46-4be9-a823-46352d9427fd] [T: http-nio-8081-exec-3] [L: org.apache.commons.beanutils.converters.BooleanConverter] - [M: Setting default value: false]
[D: 2018-07-12 08:43:00,079] [P: DEBUG] [C: c4019d69-bc46-4be9-a823-46352d9427fd] [T: http-nio-8081-exec-3] [L: org.apache.commons.beanutils.converters.BooleanConverter] - [M: Converting 'Boolean' value 'false' to type 'Boolean']
[D: 2018-07-12 08:43:00,079] [P: DEBUG] [C: c4019d69-bc46-4be9-a823-46352d9427fd] [T: http-nio-8081-exec-3] [L: org.apache.commons.beanutils.converters.BooleanConverter] - [M:     No conversion required, value is already a Boolean]
[D: 2018-07-12 08:43:00,082] [P: DEBUG] [C: c4019d69-bc46-4be9-a823-46352d9427fd] [T: http-nio-8081-exec-3] [L: org.apache.commons.beanutils.converters.ByteConverter] - [M: Setting default value: 0]
[D: 2018-07-12 08:43:00,082] [P: DEBUG] [C: c4019d69-bc46-4be9-a823-46352d9427fd] [T: http-nio-8081-exec-3] [L: org.apache.commons.beanutils.converters.ByteConverter] - [M: Converting 'Integer' value '0' to type 'Byte']
[D: 2018-07-12 08:43:00,083] [P: DEBUG] [C: c4019d69-bc46-4be9-a823-46352d9427fd] [T: http-nio-8081-exec-3] [L: org.apache.commons.beanutils.converters.ByteConverter] - [M:     Converted to Byte value '0']
[D: 2018-07-12 08:43:00,084] [P: DEBUG] [C: c4019d69-bc46-4be9-a823-46352d9427fd] [T: http-nio-8081-exec-3] [L: org.apache.commons.beanutils.converters.CharacterConverter] - [M: Setting default value:  ]
[D: 2018-07-12 08:43:00,084] [P: DEBUG] [C: c4019d69-bc46-4be9-a823-46352d9427fd] [T: http-nio-8081-exec-3] [L: org.apache.commons.beanutils.converters.CharacterConverter] - [M: Converting 'Character' value ' ' to type 'Character']
[D: 2018-07-12 08:43:00,085] [P: DEBUG] [C: c4019d69-bc46-4be9-a823-46352d9427fd] [T: http-nio-8081-exec-3] [L: org.apache.commons.beanutils.converters.CharacterConverter] - [M:     No conversion required, value is already a Character]
[D: 2018-07-12 08:43:00,085] [P: DEBUG] [C: c4019d69-bc46-4be9-a823-46352d9427fd] [T: http-nio-8081-exec-3] [L: org.apache.commons.beanutils.converters.DoubleConverter] - [M: Setting default value: 0]
[D: 2018-07-12 08:43:00,086] [P: DEBUG] [C: c4019d69-bc46-4be9-a823-46352d9427fd] [T: http-nio-8081-exec-3] [L: org.apache.commons.beanutils.converters.DoubleConverter] - [M: Converting 'Integer' value '0' to type 'Double']
[D: 2018-07-12 08:43:00,086] [P: DEBUG] [C: c4019d69-bc46-4be9-a823-46352d9427fd] [T: http-nio-8081-exec-3] [L: org.apache.commons.beanutils.converters.DoubleConverter] - [M:     Converted to Double value '0.0']
[D: 2018-07-12 08:43:00,087] [P: DEBUG] [C: c4019d69-bc46-4be9-a823-46352d9427fd] [T: http-nio-8081-exec-3] [L: org.apache.commons.beanutils.converters.FloatConverter] - [M: Setting default value: 0]
[D: 2018-07-12 08:43:00,087] [P: DEBUG] [C: c4019d69-bc46-4be9-a823-46352d9427fd] [T: http-nio-8081-exec-3] [L: org.apache.commons.beanutils.converters.FloatConverter] - [M: Converting 'Integer' value '0' to type 'Float']
[D: 2018-07-12 08:43:00,087] [P: DEBUG] [C: c4019d69-bc46-4be9-a823-46352d9427fd] [T: http-nio-8081-exec-3] [L: org.apache.commons.beanutils.converters.FloatConverter] - [M:     Converted to Float value '0.0']
[D: 2018-07-12 08:43:00,090] [P: DEBUG] [C: c4019d69-bc46-4be9-a823-46352d9427fd] [T: http-nio-8081-exec-3] [L: org.apache.commons.beanutils.converters.IntegerConverter] - [M: Setting default value: 0]
[D: 2018-07-12 08:43:00,091] [P: DEBUG] [C: c4019d69-bc46-4be9-a823-46352d9427fd] [T: http-nio-8081-exec-3] [L: org.apache.commons.beanutils.converters.IntegerConverter] - [M: Converting 'Integer' value '0' to type 'Integer']
[D: 2018-07-12 08:43:00,091] [P: DEBUG] [C: c4019d69-bc46-4be9-a823-46352d9427fd] [T: http-nio-8081-exec-3] [L: org.apache.commons.beanutils.converters.IntegerConverter] - [M:     No conversion required, value is already a Integer]
[D: 2018-07-12 08:43:00,092] [P: DEBUG] [C: c4019d69-bc46-4be9-a823-46352d9427fd] [T: http-nio-8081-exec-3] [L: org.apache.commons.beanutils.converters.LongConverter] - [M: Setting default value: 0]
[D: 2018-07-12 08:43:00,092] [P: DEBUG] [C: c4019d69-bc46-4be9-a823-46352d9427fd] [T: http-nio-8081-exec-3] [L: org.apache.commons.beanutils.converters.LongConverter] - [M: Converting 'Integer' value '0' to type 'Long']
[D: 2018-07-12 08:43:00,092] [P: DEBUG] [C: c4019d69-bc46-4be9-a823-46352d9427fd] [T: http-nio-8081-exec-3] [L: org.apache.commons.beanutils.converters.LongConverter] - [M:     Converted to Long value '0']
[D: 2018-07-12 08:43:00,092] [P: DEBUG] [C: c4019d69-bc46-4be9-a823-46352d9427fd] [T: http-nio-8081-exec-3] [L: org.apache.commons.beanutils.converters.ShortConverter] - [M: Setting default value: 0]
[D: 2018-07-12 08:43:00,093] [P: DEBUG] [C: c4019d69-bc46-4be9-a823-46352d9427fd] [T: http-nio-8081-exec-3] [L: org.apache.commons.beanutils.converters.ShortConverter] - [M: Converting 'Integer' value '0' to type 'Short']
[D: 2018-07-12 08:43:00,093] [P: DEBUG] [C: c4019d69-bc46-4be9-a823-46352d9427fd] [T: http-nio-8081-exec-3] [L: org.apache.commons.beanutils.converters.ShortConverter] - [M:     Converted to Short value '0']
[D: 2018-07-12 08:43:00,094] [P: DEBUG] [C: c4019d69-bc46-4be9-a823-46352d9427fd] [T: http-nio-8081-exec-3] [L: org.apache.commons.beanutils.converters.BigDecimalConverter] - [M: Setting default value: 0.0]
[D: 2018-07-12 08:43:00,094] [P: DEBUG] [C: c4019d69-bc46-4be9-a823-46352d9427fd] [T: http-nio-8081-exec-3] [L: org.apache.commons.beanutils.converters.BigDecimalConverter] - [M: Converting 'BigDecimal' value '0.0' to type 'BigDecimal']
[D: 2018-07-12 08:43:00,095] [P: DEBUG] [C: c4019d69-bc46-4be9-a823-46352d9427fd] [T: http-nio-8081-exec-3] [L: org.apache.commons.beanutils.converters.BigDecimalConverter] - [M:     No conversion required, value is already a BigDecimal]
[D: 2018-07-12 08:43:00,095] [P: DEBUG] [C: c4019d69-bc46-4be9-a823-46352d9427fd] [T: http-nio-8081-exec-3] [L: org.apache.commons.beanutils.converters.BigIntegerConverter] - [M: Setting default value: 0]
[D: 2018-07-12 08:43:00,096] [P: DEBUG] [C: c4019d69-bc46-4be9-a823-46352d9427fd] [T: http-nio-8081-exec-3] [L: org.apache.commons.beanutils.converters.BigIntegerConverter] - [M: Converting 'BigInteger' value '0' to type 'BigInteger']
[D: 2018-07-12 08:43:00,096] [P: DEBUG] [C: c4019d69-bc46-4be9-a823-46352d9427fd] [T: http-nio-8081-exec-3] [L: org.apache.commons.beanutils.converters.BigIntegerConverter] - [M:     No conversion required, value is already a BigInteger]
[D: 2018-07-12 08:43:00,096] [P: DEBUG] [C: c4019d69-bc46-4be9-a823-46352d9427fd] [T: http-nio-8081-exec-3] [L: org.apache.commons.beanutils.converters.BooleanConverter] - [M: Setting default value: false]
[D: 2018-07-12 08:43:00,097] [P: DEBUG] [C: c4019d69-bc46-4be9-a823-46352d9427fd] [T: http-nio-8081-exec-3] [L: org.apache.commons.beanutils.converters.BooleanConverter] - [M: Converting 'Boolean' value 'false' to type 'Boolean']
[D: 2018-07-12 08:43:00,098] [P: DEBUG] [C: c4019d69-bc46-4be9-a823-46352d9427fd] [T: http-nio-8081-exec-3] [L: org.apache.commons.beanutils.converters.BooleanConverter] - [M:     No conversion required, value is already a Boolean]
[D: 2018-07-12 08:43:00,098] [P: DEBUG] [C: c4019d69-bc46-4be9-a823-46352d9427fd] [T: http-nio-8081-exec-3] [L: org.apache.commons.beanutils.converters.ByteConverter] - [M: Setting default value: 0]
[D: 2018-07-12 08:43:00,098] [P: DEBUG] [C: c4019d69-bc46-4be9-a823-46352d9427fd] [T: http-nio-8081-exec-3] [L: org.apache.commons.beanutils.converters.ByteConverter] - [M: Converting 'Integer' value '0' to type 'Byte']
[D: 2018-07-12 08:43:00,098] [P: DEBUG] [C: c4019d69-bc46-4be9-a823-46352d9427fd] [T: http-nio-8081-exec-3] [L: org.apache.commons.beanutils.converters.ByteConverter] - [M:     Converted to Byte value '0']
[D: 2018-07-12 08:43:00,099] [P: DEBUG] [C: c4019d69-bc46-4be9-a823-46352d9427fd] [T: http-nio-8081-exec-3] [L: org.apache.commons.beanutils.converters.CharacterConverter] - [M: Setting default value:  ]
[D: 2018-07-12 08:43:00,099] [P: DEBUG] [C: c4019d69-bc46-4be9-a823-46352d9427fd] [T: http-nio-8081-exec-3] [L: org.apache.commons.beanutils.converters.CharacterConverter] - [M: Converting 'Character' value ' ' to type 'Character']
[D: 2018-07-12 08:43:00,099] [P: DEBUG] [C: c4019d69-bc46-4be9-a823-46352d9427fd] [T: http-nio-8081-exec-3] [L: org.apache.commons.beanutils.converters.CharacterConverter] - [M:     No conversion required, value is already a Character]
[D: 2018-07-12 08:43:00,100] [P: DEBUG] [C: c4019d69-bc46-4be9-a823-46352d9427fd] [T: http-nio-8081-exec-3] [L: org.apache.commons.beanutils.converters.DoubleConverter] - [M: Setting default value: 0]
[D: 2018-07-12 08:43:00,100] [P: DEBUG] [C: c4019d69-bc46-4be9-a823-46352d9427fd] [T: http-nio-8081-exec-3] [L: org.apache.commons.beanutils.converters.DoubleConverter] - [M: Converting 'Integer' value '0' to type 'Double']
[D: 2018-07-12 08:43:00,100] [P: DEBUG] [C: c4019d69-bc46-4be9-a823-46352d9427fd] [T: http-nio-8081-exec-3] [L: org.apache.commons.beanutils.converters.DoubleConverter] - [M:     Converted to Double value '0.0']
[D: 2018-07-12 08:43:00,100] [P: DEBUG] [C: c4019d69-bc46-4be9-a823-46352d9427fd] [T: http-nio-8081-exec-3] [L: org.apache.commons.beanutils.converters.FloatConverter] - [M: Setting default value: 0]
[D: 2018-07-12 08:43:00,101] [P: DEBUG] [C: c4019d69-bc46-4be9-a823-46352d9427fd] [T: http-nio-8081-exec-3] [L: org.apache.commons.beanutils.converters.FloatConverter] - [M: Converting 'Integer' value '0' to type 'Float']
[D: 2018-07-12 08:43:00,101] [P: DEBUG] [C: c4019d69-bc46-4be9-a823-46352d9427fd] [T: http-nio-8081-exec-3] [L: org.apache.commons.beanutils.converters.FloatConverter] - [M:     Converted to Float value '0.0']
[D: 2018-07-12 08:43:00,102] [P: DEBUG] [C: c4019d69-bc46-4be9-a823-46352d9427fd] [T: http-nio-8081-exec-3] [L: org.apache.commons.beanutils.converters.IntegerConverter] - [M: Setting default value: 0]
[D: 2018-07-12 08:43:00,102] [P: DEBUG] [C: c4019d69-bc46-4be9-a823-46352d9427fd] [T: http-nio-8081-exec-3] [L: org.apache.commons.beanutils.converters.IntegerConverter] - [M: Converting 'Integer' value '0' to type 'Integer']
[D: 2018-07-12 08:43:00,102] [P: DEBUG] [C: c4019d69-bc46-4be9-a823-46352d9427fd] [T: http-nio-8081-exec-3] [L: org.apache.commons.beanutils.converters.IntegerConverter] - [M:     No conversion required, value is already a Integer]
[D: 2018-07-12 08:43:00,102] [P: DEBUG] [C: c4019d69-bc46-4be9-a823-46352d9427fd] [T: http-nio-8081-exec-3] [L: org.apache.commons.beanutils.converters.LongConverter] - [M: Setting default value: 0]
[D: 2018-07-12 08:43:00,102] [P: DEBUG] [C: c4019d69-bc46-4be9-a823-46352d9427fd] [T: http-nio-8081-exec-3] [L: org.apache.commons.beanutils.converters.LongConverter] - [M: Converting 'Integer' value '0' to type 'Long']
[D: 2018-07-12 08:43:00,102] [P: DEBUG] [C: c4019d69-bc46-4be9-a823-46352d9427fd] [T: http-nio-8081-exec-3] [L: org.apache.commons.beanutils.converters.LongConverter] - [M:     Converted to Long value '0']
[D: 2018-07-12 08:43:00,103] [P: DEBUG] [C: c4019d69-bc46-4be9-a823-46352d9427fd] [T: http-nio-8081-exec-3] [L: org.apache.commons.beanutils.converters.ShortConverter] - [M: Setting default value: 0]
[D: 2018-07-12 08:43:00,103] [P: DEBUG] [C: c4019d69-bc46-4be9-a823-46352d9427fd] [T: http-nio-8081-exec-3] [L: org.apache.commons.beanutils.converters.ShortConverter] - [M: Converting 'Integer' value '0' to type 'Short']
[D: 2018-07-12 08:43:00,103] [P: DEBUG] [C: c4019d69-bc46-4be9-a823-46352d9427fd] [T: http-nio-8081-exec-3] [L: org.apache.commons.beanutils.converters.ShortConverter] - [M:     Converted to Short value '0']
[D: 2018-07-12 08:43:00,104] [P: DEBUG] [C: c4019d69-bc46-4be9-a823-46352d9427fd] [T: http-nio-8081-exec-3] [L: org.apache.commons.beanutils.converters.StringConverter] - [M: Setting default value: ]
[D: 2018-07-12 08:43:00,104] [P: DEBUG] [C: c4019d69-bc46-4be9-a823-46352d9427fd] [T: http-nio-8081-exec-3] [L: org.apache.commons.beanutils.converters.StringConverter] - [M: Converting 'String' value '' to type 'String']
[D: 2018-07-12 08:43:00,109] [P: DEBUG] [C: c4019d69-bc46-4be9-a823-46352d9427fd] [T: http-nio-8081-exec-3] [L: org.apache.commons.beanutils.converters.ArrayConverter] - [M: Setting default value: [Z@4f148339]
[D: 2018-07-12 08:43:00,110] [P: DEBUG] [C: c4019d69-bc46-4be9-a823-46352d9427fd] [T: http-nio-8081-exec-3] [L: org.apache.commons.beanutils.converters.ArrayConverter] - [M: Converting 'boolean[]' value '[Z@4f148339' to type 'boolean[]']
[D: 2018-07-12 08:43:00,110] [P: DEBUG] [C: c4019d69-bc46-4be9-a823-46352d9427fd] [T: http-nio-8081-exec-3] [L: org.apache.commons.beanutils.converters.ArrayConverter] - [M:     No conversion required, value is already a boolean[]]
[D: 2018-07-12 08:43:00,110] [P: DEBUG] [C: c4019d69-bc46-4be9-a823-46352d9427fd] [T: http-nio-8081-exec-3] [L: org.apache.commons.beanutils.converters.ArrayConverter] - [M: Setting default value: [B@47785660]
[D: 2018-07-12 08:43:00,110] [P: DEBUG] [C: c4019d69-bc46-4be9-a823-46352d9427fd] [T: http-nio-8081-exec-3] [L: org.apache.commons.beanutils.converters.ArrayConverter] - [M: Converting 'byte[]' value '[B@47785660' to type 'byte[]']
[D: 2018-07-12 08:43:00,111] [P: DEBUG] [C: c4019d69-bc46-4be9-a823-46352d9427fd] [T: http-nio-8081-exec-3] [L: org.apache.commons.beanutils.converters.ArrayConverter] - [M:     No conversion required, value is already a byte[]]
[D: 2018-07-12 08:43:00,111] [P: DEBUG] [C: c4019d69-bc46-4be9-a823-46352d9427fd] [T: http-nio-8081-exec-3] [L: org.apache.commons.beanutils.converters.ArrayConverter] - [M: Setting default value: [C@4f94ef3]
[D: 2018-07-12 08:43:00,111] [P: DEBUG] [C: c4019d69-bc46-4be9-a823-46352d9427fd] [T: http-nio-8081-exec-3] [L: org.apache.commons.beanutils.converters.ArrayConverter] - [M: Converting 'char[]' value '[C@4f94ef3' to type 'char[]']
[D: 2018-07-12 08:43:00,111] [P: DEBUG] [C: c4019d69-bc46-4be9-a823-46352d9427fd] [T: http-nio-8081-exec-3] [L: org.apache.commons.beanutils.converters.ArrayConverter] - [M:     No conversion required, value is already a char[]]
[D: 2018-07-12 08:43:00,112] [P: DEBUG] [C: c4019d69-bc46-4be9-a823-46352d9427fd] [T: http-nio-8081-exec-3] [L: org.apache.commons.beanutils.converters.ArrayConverter] - [M: Setting default value: [D@6500eab0]
[D: 2018-07-12 08:43:00,112] [P: DEBUG] [C: c4019d69-bc46-4be9-a823-46352d9427fd] [T: http-nio-8081-exec-3] [L: org.apache.commons.beanutils.converters.ArrayConverter] - [M: Converting 'double[]' value '[D@6500eab0' to type 'double[]']
[D: 2018-07-12 08:43:00,112] [P: DEBUG] [C: c4019d69-bc46-4be9-a823-46352d9427fd] [T: http-nio-8081-exec-3] [L: org.apache.commons.beanutils.converters.ArrayConverter] - [M:     No conversion required, value is already a double[]]
[D: 2018-07-12 08:43:00,112] [P: DEBUG] [C: c4019d69-bc46-4be9-a823-46352d9427fd] [T: http-nio-8081-exec-3] [L: org.apache.commons.beanutils.converters.ArrayConverter] - [M: Setting default value: [F@e66a062]
[D: 2018-07-12 08:43:00,113] [P: DEBUG] [C: c4019d69-bc46-4be9-a823-46352d9427fd] [T: http-nio-8081-exec-3] [L: org.apache.commons.beanutils.converters.ArrayConverter] - [M: Converting 'float[]' value '[F@e66a062' to type 'float[]']
[D: 2018-07-12 08:43:00,113] [P: DEBUG] [C: c4019d69-bc46-4be9-a823-46352d9427fd] [T: http-nio-8081-exec-3] [L: org.apache.commons.beanutils.converters.ArrayConverter] - [M:     No conversion required, value is already a float[]]
[D: 2018-07-12 08:43:00,113] [P: DEBUG] [C: c4019d69-bc46-4be9-a823-46352d9427fd] [T: http-nio-8081-exec-3] [L: org.apache.commons.beanutils.converters.ArrayConverter] - [M: Setting default value: [I@ba83c98]
[D: 2018-07-12 08:43:00,113] [P: DEBUG] [C: c4019d69-bc46-4be9-a823-46352d9427fd] [T: http-nio-8081-exec-3] [L: org.apache.commons.beanutils.converters.ArrayConverter] - [M: Converting 'int[]' value '[I@ba83c98' to type 'int[]']
[D: 2018-07-12 08:43:00,113] [P: DEBUG] [C: c4019d69-bc46-4be9-a823-46352d9427fd] [T: http-nio-8081-exec-3] [L: org.apache.commons.beanutils.converters.ArrayConverter] - [M:     No conversion required, value is already a int[]]
[D: 2018-07-12 08:43:00,114] [P: DEBUG] [C: c4019d69-bc46-4be9-a823-46352d9427fd] [T: http-nio-8081-exec-3] [L: org.apache.commons.beanutils.converters.ArrayConverter] - [M: Setting default value: [J@45e865c8]
[D: 2018-07-12 08:43:00,114] [P: DEBUG] [C: c4019d69-bc46-4be9-a823-46352d9427fd] [T: http-nio-8081-exec-3] [L: org.apache.commons.beanutils.converters.ArrayConverter] - [M: Converting 'long[]' value '[J@45e865c8' to type 'long[]']
[D: 2018-07-12 08:43:00,114] [P: DEBUG] [C: c4019d69-bc46-4be9-a823-46352d9427fd] [T: http-nio-8081-exec-3] [L: org.apache.commons.beanutils.converters.ArrayConverter] - [M:     No conversion required, value is already a long[]]
[D: 2018-07-12 08:43:00,114] [P: DEBUG] [C: c4019d69-bc46-4be9-a823-46352d9427fd] [T: http-nio-8081-exec-3] [L: org.apache.commons.beanutils.converters.ArrayConverter] - [M: Setting default value: [S@27df42af]
[D: 2018-07-12 08:43:00,115] [P: DEBUG] [C: c4019d69-bc46-4be9-a823-46352d9427fd] [T: http-nio-8081-exec-3] [L: org.apache.commons.beanutils.converters.ArrayConverter] - [M: Converting 'short[]' value '[S@27df42af' to type 'short[]']
[D: 2018-07-12 08:43:00,115] [P: DEBUG] [C: c4019d69-bc46-4be9-a823-46352d9427fd] [T: http-nio-8081-exec-3] [L: org.apache.commons.beanutils.converters.ArrayConverter] - [M:     No conversion required, value is already a short[]]
[D: 2018-07-12 08:43:00,116] [P: DEBUG] [C: c4019d69-bc46-4be9-a823-46352d9427fd] [T: http-nio-8081-exec-3] [L: org.apache.commons.beanutils.converters.ArrayConverter] - [M: Setting default value: [Ljava.math.BigDecimal;@1c818386]
[D: 2018-07-12 08:43:00,116] [P: DEBUG] [C: c4019d69-bc46-4be9-a823-46352d9427fd] [T: http-nio-8081-exec-3] [L: org.apache.commons.beanutils.converters.ArrayConverter] - [M: Converting 'BigDecimal[]' value '[Ljava.math.BigDecimal;@1c818386' to type 'BigDecimal[]']
[D: 2018-07-12 08:43:00,116] [P: DEBUG] [C: c4019d69-bc46-4be9-a823-46352d9427fd] [T: http-nio-8081-exec-3] [L: org.apache.commons.beanutils.converters.ArrayConverter] - [M:     No conversion required, value is already a BigDecimal[]]
[D: 2018-07-12 08:43:00,116] [P: DEBUG] [C: c4019d69-bc46-4be9-a823-46352d9427fd] [T: http-nio-8081-exec-3] [L: org.apache.commons.beanutils.converters.ArrayConverter] - [M: Setting default value: [Ljava.math.BigInteger;@50c7d94f]
[D: 2018-07-12 08:43:00,117] [P: DEBUG] [C: c4019d69-bc46-4be9-a823-46352d9427fd] [T: http-nio-8081-exec-3] [L: org.apache.commons.beanutils.converters.ArrayConverter] - [M: Converting 'BigInteger[]' value '[Ljava.math.BigInteger;@50c7d94f' to type 'BigInteger[]']
[D: 2018-07-12 08:43:00,117] [P: DEBUG] [C: c4019d69-bc46-4be9-a823-46352d9427fd] [T: http-nio-8081-exec-3] [L: org.apache.commons.beanutils.converters.ArrayConverter] - [M:     No conversion required, value is already a BigInteger[]]
[D: 2018-07-12 08:43:00,117] [P: DEBUG] [C: c4019d69-bc46-4be9-a823-46352d9427fd] [T: http-nio-8081-exec-3] [L: org.apache.commons.beanutils.converters.ArrayConverter] - [M: Setting default value: [Ljava.lang.Boolean;@1d5d0c5d]
[D: 2018-07-12 08:43:00,117] [P: DEBUG] [C: c4019d69-bc46-4be9-a823-46352d9427fd] [T: http-nio-8081-exec-3] [L: org.apache.commons.beanutils.converters.ArrayConverter] - [M: Converting 'Boolean[]' value '[Ljava.lang.Boolean;@1d5d0c5d' to type 'Boolean[]']
[D: 2018-07-12 08:43:00,118] [P: DEBUG] [C: c4019d69-bc46-4be9-a823-46352d9427fd] [T: http-nio-8081-exec-3] [L: org.apache.commons.beanutils.converters.ArrayConverter] - [M:     No conversion required, value is already a Boolean[]]
[D: 2018-07-12 08:43:00,118] [P: DEBUG] [C: c4019d69-bc46-4be9-a823-46352d9427fd] [T: http-nio-8081-exec-3] [L: org.apache.commons.beanutils.converters.ArrayConverter] - [M: Setting default value: [Ljava.lang.Byte;@1c55899c]
[D: 2018-07-12 08:43:00,118] [P: DEBUG] [C: c4019d69-bc46-4be9-a823-46352d9427fd] [T: http-nio-8081-exec-3] [L: org.apache.commons.beanutils.converters.ArrayConverter] - [M: Converting 'Byte[]' value '[Ljava.lang.Byte;@1c55899c' to type 'Byte[]']
[D: 2018-07-12 08:43:00,119] [P: DEBUG] [C: c4019d69-bc46-4be9-a823-46352d9427fd] [T: http-nio-8081-exec-3] [L: org.apache.commons.beanutils.converters.ArrayConverter] - [M:     No conversion required, value is already a Byte[]]
[D: 2018-07-12 08:43:00,119] [P: DEBUG] [C: c4019d69-bc46-4be9-a823-46352d9427fd] [T: http-nio-8081-exec-3] [L: org.apache.commons.beanutils.converters.ArrayConverter] - [M: Setting default value: [Ljava.lang.Character;@65dd3e4c]
[D: 2018-07-12 08:43:00,119] [P: DEBUG] [C: c4019d69-bc46-4be9-a823-46352d9427fd] [T: http-nio-8081-exec-3] [L: org.apache.commons.beanutils.converters.ArrayConverter] - [M: Converting 'Character[]' value '[Ljava.lang.Character;@65dd3e4c' to type 'Character[]']
[D: 2018-07-12 08:43:00,120] [P: DEBUG] [C: c4019d69-bc46-4be9-a823-46352d9427fd] [T: http-nio-8081-exec-3] [L: org.apache.commons.beanutils.converters.ArrayConverter] - [M:     No conversion required, value is already a Character[]]
[D: 2018-07-12 08:43:00,120] [P: DEBUG] [C: c4019d69-bc46-4be9-a823-46352d9427fd] [T: http-nio-8081-exec-3] [L: org.apache.commons.beanutils.converters.ArrayConverter] - [M: Setting default value: [Ljava.lang.Double;@16d8b273]
[D: 2018-07-12 08:43:00,120] [P: DEBUG] [C: c4019d69-bc46-4be9-a823-46352d9427fd] [T: http-nio-8081-exec-3] [L: org.apache.commons.beanutils.converters.ArrayConverter] - [M: Converting 'Double[]' value '[Ljava.lang.Double;@16d8b273' to type 'Double[]']
[D: 2018-07-12 08:43:00,120] [P: DEBUG] [C: c4019d69-bc46-4be9-a823-46352d9427fd] [T: http-nio-8081-exec-3] [L: org.apache.commons.beanutils.converters.ArrayConverter] - [M:     No conversion required, value is already a Double[]]
[D: 2018-07-12 08:43:00,121] [P: DEBUG] [C: c4019d69-bc46-4be9-a823-46352d9427fd] [T: http-nio-8081-exec-3] [L: org.apache.commons.beanutils.converters.ArrayConverter] - [M: Setting default value: [Ljava.lang.Float;@35fc21a9]
[D: 2018-07-12 08:43:00,121] [P: DEBUG] [C: c4019d69-bc46-4be9-a823-46352d9427fd] [T: http-nio-8081-exec-3] [L: org.apache.commons.beanutils.converters.ArrayConverter] - [M: Converting 'Float[]' value '[Ljava.lang.Float;@35fc21a9' to type 'Float[]']
[D: 2018-07-12 08:43:00,121] [P: DEBUG] [C: c4019d69-bc46-4be9-a823-46352d9427fd] [T: http-nio-8081-exec-3] [L: org.apache.commons.beanutils.converters.ArrayConverter] - [M:     No conversion required, value is already a Float[]]
[D: 2018-07-12 08:43:00,121] [P: DEBUG] [C: c4019d69-bc46-4be9-a823-46352d9427fd] [T: http-nio-8081-exec-3] [L: org.apache.commons.beanutils.converters.ArrayConverter] - [M: Setting default value: [Ljava.lang.Integer;@4e0f9023]
[D: 2018-07-12 08:43:00,122] [P: DEBUG] [C: c4019d69-bc46-4be9-a823-46352d9427fd] [T: http-nio-8081-exec-3] [L: org.apache.commons.beanutils.converters.ArrayConverter] - [M: Converting 'Integer[]' value '[Ljava.lang.Integer;@4e0f9023' to type 'Integer[]']
[D: 2018-07-12 08:43:00,122] [P: DEBUG] [C: c4019d69-bc46-4be9-a823-46352d9427fd] [T: http-nio-8081-exec-3] [L: org.apache.commons.beanutils.converters.ArrayConverter] - [M:     No conversion required, value is already a Integer[]]
[D: 2018-07-12 08:43:00,123] [P: DEBUG] [C: c4019d69-bc46-4be9-a823-46352d9427fd] [T: http-nio-8081-exec-3] [L: org.apache.commons.beanutils.converters.ArrayConverter] - [M: Setting default value: [Ljava.lang.Long;@590aa450]
[D: 2018-07-12 08:43:00,123] [P: DEBUG] [C: c4019d69-bc46-4be9-a823-46352d9427fd] [T: http-nio-8081-exec-3] [L: org.apache.commons.beanutils.converters.ArrayConverter] - [M: Converting 'Long[]' value '[Ljava.lang.Long;@590aa450' to type 'Long[]']
[D: 2018-07-12 08:43:00,123] [P: DEBUG] [C: c4019d69-bc46-4be9-a823-46352d9427fd] [T: http-nio-8081-exec-3] [L: org.apache.commons.beanutils.converters.ArrayConverter] - [M:     No conversion required, value is already a Long[]]
[D: 2018-07-12 08:43:00,123] [P: DEBUG] [C: c4019d69-bc46-4be9-a823-46352d9427fd] [T: http-nio-8081-exec-3] [L: org.apache.commons.beanutils.converters.ArrayConverter] - [M: Setting default value: [Ljava.lang.Short;@49950555]
[D: 2018-07-12 08:43:00,124] [P: DEBUG] [C: c4019d69-bc46-4be9-a823-46352d9427fd] [T: http-nio-8081-exec-3] [L: org.apache.commons.beanutils.converters.ArrayConverter] - [M: Converting 'Short[]' value '[Ljava.lang.Short;@49950555' to type 'Short[]']
[D: 2018-07-12 08:43:00,125] [P: DEBUG] [C: c4019d69-bc46-4be9-a823-46352d9427fd] [T: http-nio-8081-exec-3] [L: org.apache.commons.beanutils.converters.ArrayConverter] - [M:     No conversion required, value is already a Short[]]
[D: 2018-07-12 08:43:00,125] [P: DEBUG] [C: c4019d69-bc46-4be9-a823-46352d9427fd] [T: http-nio-8081-exec-3] [L: org.apache.commons.beanutils.converters.ArrayConverter] - [M: Setting default value: [Ljava.lang.String;@31835497]
[D: 2018-07-12 08:43:00,125] [P: DEBUG] [C: c4019d69-bc46-4be9-a823-46352d9427fd] [T: http-nio-8081-exec-3] [L: org.apache.commons.beanutils.converters.ArrayConverter] - [M: Converting 'String[]' value '[Ljava.lang.String;@31835497' to type 'String[]']
[D: 2018-07-12 08:43:00,125] [P: DEBUG] [C: c4019d69-bc46-4be9-a823-46352d9427fd] [T: http-nio-8081-exec-3] [L: org.apache.commons.beanutils.converters.ArrayConverter] - [M:     No conversion required, value is already a String[]]
[D: 2018-07-12 08:43:00,125] [P: DEBUG] [C: c4019d69-bc46-4be9-a823-46352d9427fd] [T: http-nio-8081-exec-3] [L: org.apache.commons.beanutils.converters.ArrayConverter] - [M: Setting default value: [Ljava.lang.Class;@2fd4bf8]
[D: 2018-07-12 08:43:00,126] [P: DEBUG] [C: c4019d69-bc46-4be9-a823-46352d9427fd] [T: http-nio-8081-exec-3] [L: org.apache.commons.beanutils.converters.ArrayConverter] - [M: Converting 'Class[]' value '[Ljava.lang.Class;@2fd4bf8' to type 'Class[]']
[D: 2018-07-12 08:43:00,126] [P: DEBUG] [C: c4019d69-bc46-4be9-a823-46352d9427fd] [T: http-nio-8081-exec-3] [L: org.apache.commons.beanutils.converters.ArrayConverter] - [M:     No conversion required, value is already a Class[]]
[D: 2018-07-12 08:43:00,126] [P: DEBUG] [C: c4019d69-bc46-4be9-a823-46352d9427fd] [T: http-nio-8081-exec-3] [L: org.apache.commons.beanutils.converters.ArrayConverter] - [M: Setting default value: [Ljava.util.Date;@6323595f]
[D: 2018-07-12 08:43:00,126] [P: DEBUG] [C: c4019d69-bc46-4be9-a823-46352d9427fd] [T: http-nio-8081-exec-3] [L: org.apache.commons.beanutils.converters.ArrayConverter] - [M: Converting 'Date[]' value '[Ljava.util.Date;@6323595f' to type 'Date[]']
[D: 2018-07-12 08:43:00,126] [P: DEBUG] [C: c4019d69-bc46-4be9-a823-46352d9427fd] [T: http-nio-8081-exec-3] [L: org.apache.commons.beanutils.converters.ArrayConverter] - [M:     No conversion required, value is already a Date[]]
[D: 2018-07-12 08:43:00,127] [P: DEBUG] [C: c4019d69-bc46-4be9-a823-46352d9427fd] [T: http-nio-8081-exec-3] [L: org.apache.commons.beanutils.converters.ArrayConverter] - [M: Setting default value: [Ljava.util.Calendar;@4ff5a86f]
[D: 2018-07-12 08:43:00,127] [P: DEBUG] [C: c4019d69-bc46-4be9-a823-46352d9427fd] [T: http-nio-8081-exec-3] [L: org.apache.commons.beanutils.converters.ArrayConverter] - [M: Converting 'Calendar[]' value '[Ljava.util.Calendar;@4ff5a86f' to type 'Calendar[]']
[D: 2018-07-12 08:43:00,127] [P: DEBUG] [C: c4019d69-bc46-4be9-a823-46352d9427fd] [T: http-nio-8081-exec-3] [L: org.apache.commons.beanutils.converters.ArrayConverter] - [M:     No conversion required, value is already a Calendar[]]
[D: 2018-07-12 08:43:00,127] [P: DEBUG] [C: c4019d69-bc46-4be9-a823-46352d9427fd] [T: http-nio-8081-exec-3] [L: org.apache.commons.beanutils.converters.ArrayConverter] - [M: Setting default value: [Ljava.io.File;@5e2fd4eb]
[D: 2018-07-12 08:43:00,128] [P: DEBUG] [C: c4019d69-bc46-4be9-a823-46352d9427fd] [T: http-nio-8081-exec-3] [L: org.apache.commons.beanutils.converters.ArrayConverter] - [M: Converting 'java.io.File[]' value '[Ljava.io.File;@5e2fd4eb' to type 'java.io.File[]']
[D: 2018-07-12 08:43:00,128] [P: DEBUG] [C: c4019d69-bc46-4be9-a823-46352d9427fd] [T: http-nio-8081-exec-3] [L: org.apache.commons.beanutils.converters.ArrayConverter] - [M:     No conversion required, value is already a java.io.File[]]
[D: 2018-07-12 08:43:00,128] [P: DEBUG] [C: c4019d69-bc46-4be9-a823-46352d9427fd] [T: http-nio-8081-exec-3] [L: org.apache.commons.beanutils.converters.ArrayConverter] - [M: Setting default value: [Ljava.sql.Date;@7185ed12]
[D: 2018-07-12 08:43:00,128] [P: DEBUG] [C: c4019d69-bc46-4be9-a823-46352d9427fd] [T: http-nio-8081-exec-3] [L: org.apache.commons.beanutils.converters.ArrayConverter] - [M: Converting 'java.sql.Date[]' value '[Ljava.sql.Date;@7185ed12' to type 'java.sql.Date[]']
[D: 2018-07-12 08:43:00,129] [P: DEBUG] [C: c4019d69-bc46-4be9-a823-46352d9427fd] [T: http-nio-8081-exec-3] [L: org.apache.commons.beanutils.converters.ArrayConverter] - [M:     No conversion required, value is already a java.sql.Date[]]
[D: 2018-07-12 08:43:00,129] [P: DEBUG] [C: c4019d69-bc46-4be9-a823-46352d9427fd] [T: http-nio-8081-exec-3] [L: org.apache.commons.beanutils.converters.ArrayConverter] - [M: Setting default value: [Ljava.sql.Time;@4872f79d]
[D: 2018-07-12 08:43:00,129] [P: DEBUG] [C: c4019d69-bc46-4be9-a823-46352d9427fd] [T: http-nio-8081-exec-3] [L: org.apache.commons.beanutils.converters.ArrayConverter] - [M: Converting 'java.sql.Time[]' value '[Ljava.sql.Time;@4872f79d' to type 'java.sql.Time[]']
[D: 2018-07-12 08:43:00,129] [P: DEBUG] [C: c4019d69-bc46-4be9-a823-46352d9427fd] [T: http-nio-8081-exec-3] [L: org.apache.commons.beanutils.converters.ArrayConverter] - [M:     No conversion required, value is already a java.sql.Time[]]
[D: 2018-07-12 08:43:00,130] [P: DEBUG] [C: c4019d69-bc46-4be9-a823-46352d9427fd] [T: http-nio-8081-exec-3] [L: org.apache.commons.beanutils.converters.ArrayConverter] - [M: Setting default value: [Ljava.sql.Timestamp;@36697790]
[D: 2018-07-12 08:43:00,130] [P: DEBUG] [C: c4019d69-bc46-4be9-a823-46352d9427fd] [T: http-nio-8081-exec-3] [L: org.apache.commons.beanutils.converters.ArrayConverter] - [M: Converting 'java.sql.Timestamp[]' value '[Ljava.sql.Timestamp;@36697790' to type 'java.sql.Timestamp[]']
[D: 2018-07-12 08:43:00,130] [P: DEBUG] [C: c4019d69-bc46-4be9-a823-46352d9427fd] [T: http-nio-8081-exec-3] [L: org.apache.commons.beanutils.converters.ArrayConverter] - [M:     No conversion required, value is already a java.sql.Timestamp[]]
[D: 2018-07-12 08:43:00,131] [P: DEBUG] [C: c4019d69-bc46-4be9-a823-46352d9427fd] [T: http-nio-8081-exec-3] [L: org.apache.commons.beanutils.converters.ArrayConverter] - [M: Setting default value: [Ljava.net.URL;@769ab50e]
[D: 2018-07-12 08:43:00,131] [P: DEBUG] [C: c4019d69-bc46-4be9-a823-46352d9427fd] [T: http-nio-8081-exec-3] [L: org.apache.commons.beanutils.converters.ArrayConverter] - [M: Converting 'java.net.URL[]' value '[Ljava.net.URL;@769ab50e' to type 'java.net.URL[]']
[D: 2018-07-12 08:43:00,131] [P: DEBUG] [C: c4019d69-bc46-4be9-a823-46352d9427fd] [T: http-nio-8081-exec-3] [L: org.apache.commons.beanutils.converters.ArrayConverter] - [M:     No conversion required, value is already a java.net.URL[]]
[D: 2018-07-12 08:43:00,176] [P: DEBUG] [C: c4019d69-bc46-4be9-a823-46352d9427fd] [T: http-nio-8081-exec-3] [L: org.apache.commons.beanutils.converters.IntegerConverter] - [M: Converting 'Integer' value '1' to type 'Integer']
[D: 2018-07-12 08:43:00,177] [P: DEBUG] [C: c4019d69-bc46-4be9-a823-46352d9427fd] [T: http-nio-8081-exec-3] [L: org.apache.commons.beanutils.converters.IntegerConverter] - [M:     No conversion required, value is already a Integer]
[D: 2018-07-12 08:43:00,192] [P: DEBUG] [C: c4019d69-bc46-4be9-a823-46352d9427fd] [T: http-nio-8081-exec-3] [L: org.apache.cxf.phase.PhaseInterceptorChain] - [M: Invoking handleMessage on interceptor org.apache.cxf.interceptor.OutgoingChainInterceptor@6fb6c3bb]
[D: 2018-07-12 08:43:00,196] [P: DEBUG] [C: c4019d69-bc46-4be9-a823-46352d9427fd] [T: http-nio-8081-exec-3] [L: org.apache.cxf.interceptor.OutgoingChainInterceptor] - [M: Interceptors contributed by bus: [org.apache.cxf.ws.policy.PolicyOutInterceptor@787758f2]]
[D: 2018-07-12 08:43:00,197] [P: DEBUG] [C: c4019d69-bc46-4be9-a823-46352d9427fd] [T: http-nio-8081-exec-3] [L: org.apache.cxf.interceptor.OutgoingChainInterceptor] - [M: Interceptors contributed by service: []]
[D: 2018-07-12 08:43:00,197] [P: DEBUG] [C: c4019d69-bc46-4be9-a823-46352d9427fd] [T: http-nio-8081-exec-3] [L: org.apache.cxf.interceptor.OutgoingChainInterceptor] - [M: Interceptors contributed by endpoint: [org.apache.cxf.interceptor.MessageSenderInterceptor@69c06870]]
[D: 2018-07-12 08:43:00,197] [P: DEBUG] [C: c4019d69-bc46-4be9-a823-46352d9427fd] [T: http-nio-8081-exec-3] [L: org.apache.cxf.interceptor.OutgoingChainInterceptor] - [M: Interceptors contributed by binding: [org.apache.cxf.jaxrs.interceptor.JAXRSOutInterceptor@5de153ac]]
[D: 2018-07-12 08:43:00,197] [P: DEBUG] [C: c4019d69-bc46-4be9-a823-46352d9427fd] [T: http-nio-8081-exec-3] [L: org.apache.cxf.phase.PhaseInterceptorChain] - [M: Adding interceptor org.apache.cxf.ws.policy.PolicyOutInterceptor@787758f2 to phase setup]
[D: 2018-07-12 08:43:00,198] [P: DEBUG] [C: c4019d69-bc46-4be9-a823-46352d9427fd] [T: http-nio-8081-exec-3] [L: org.apache.cxf.phase.PhaseInterceptorChain] - [M: Adding interceptor org.apache.cxf.interceptor.MessageSenderInterceptor@69c06870 to phase prepare-send]
[D: 2018-07-12 08:43:00,198] [P: DEBUG] [C: c4019d69-bc46-4be9-a823-46352d9427fd] [T: http-nio-8081-exec-3] [L: org.apache.cxf.phase.PhaseInterceptorChain] - [M: Adding interceptor org.apache.cxf.jaxrs.interceptor.JAXRSOutInterceptor@5de153ac to phase marshal]
[D: 2018-07-12 08:43:00,199] [P: DEBUG] [C: c4019d69-bc46-4be9-a823-46352d9427fd] [T: http-nio-8081-exec-3] [L: org.apache.cxf.phase.PhaseInterceptorChain] - [M: Chain org.apache.cxf.phase.PhaseInterceptorChain@35216ec7 was created. Current flow: |   setup [PolicyOutInterceptor] |   prepare-send [MessageSenderInterceptor] |   marshal [JAXRSOutInterceptor] | ]
[D: 2018-07-12 08:43:00,199] [P: DEBUG] [C: c4019d69-bc46-4be9-a823-46352d9427fd] [T: http-nio-8081-exec-3] [L: org.apache.cxf.phase.PhaseInterceptorChain] - [M: Invoking handleMessage on interceptor org.apache.cxf.ws.policy.PolicyOutInterceptor@787758f2]
[D: 2018-07-12 08:43:00,200] [P: DEBUG] [C: c4019d69-bc46-4be9-a823-46352d9427fd] [T: http-nio-8081-exec-3] [L: org.apache.cxf.ws.policy.PolicyOutInterceptor] - [M: No binding operation info.]
[D: 2018-07-12 08:43:00,200] [P: DEBUG] [C: c4019d69-bc46-4be9-a823-46352d9427fd] [T: http-nio-8081-exec-3] [L: org.apache.cxf.phase.PhaseInterceptorChain] - [M: Invoking handleMessage on interceptor org.apache.cxf.interceptor.MessageSenderInterceptor@69c06870]
[D: 2018-07-12 08:43:00,202] [P: DEBUG] [C: c4019d69-bc46-4be9-a823-46352d9427fd] [T: http-nio-8081-exec-3] [L: org.apache.cxf.phase.PhaseInterceptorChain] - [M: Adding interceptor org.apache.cxf.interceptor.MessageSenderInterceptor$MessageSenderEndingInterceptor@1b4626de to phase prepare-send-ending]
[D: 2018-07-12 08:43:00,202] [P: DEBUG] [C: c4019d69-bc46-4be9-a823-46352d9427fd] [T: http-nio-8081-exec-3] [L: org.apache.cxf.phase.PhaseInterceptorChain] - [M: Chain org.apache.cxf.phase.PhaseInterceptorChain@35216ec7 was modified. Current flow: |   setup [PolicyOutInterceptor] |   prepare-send [MessageSenderInterceptor] |   marshal [JAXRSOutInterceptor] |   prepare-send-ending [MessageSenderEndingInterceptor] | ]
[D: 2018-07-12 08:43:00,203] [P: DEBUG] [C: c4019d69-bc46-4be9-a823-46352d9427fd] [T: http-nio-8081-exec-3] [L: org.apache.cxf.phase.PhaseInterceptorChain] - [M: Invoking handleMessage on interceptor org.apache.cxf.jaxrs.interceptor.JAXRSOutInterceptor@5de153ac]
[D: 2018-07-12 08:43:00,211] [P: DEBUG] [C: c4019d69-bc46-4be9-a823-46352d9427fd] [T: http-nio-8081-exec-3] [L: org.apache.cxf.jaxrs.interceptor.JAXRSOutInterceptor] - [M: Response content type is: application/json]
[D: 2018-07-12 08:43:00,273] [P: DEBUG] [C: c4019d69-bc46-4be9-a823-46352d9427fd] [T: http-nio-8081-exec-3] [L: org.apache.cxf.ws.addressing.ContextUtils] - [M: retrieving MAPs from context property javax.xml.ws.addressing.context.inbound]
[D: 2018-07-12 08:43:00,274] [P: DEBUG] [C: c4019d69-bc46-4be9-a823-46352d9427fd] [T: http-nio-8081-exec-3] [L: org.apache.cxf.ws.addressing.ContextUtils] - [M: WS-Addressing - failed to retrieve Message Addressing Properties from context]
[D: 2018-07-12 08:43:00,283] [P: DEBUG] [C: c4019d69-bc46-4be9-a823-46352d9427fd] [T: http-nio-8081-exec-3] [L: org.apache.cxf.phase.PhaseInterceptorChain] - [M: Invoking handleMessage on interceptor org.apache.cxf.interceptor.MessageSenderInterceptor$MessageSenderEndingInterceptor@1b4626de]
[D: 2018-07-12 08:43:00,284] [P: DEBUG] [C: c4019d69-bc46-4be9-a823-46352d9427fd] [T: http-nio-8081-exec-3] [L: org.apache.cxf.transport.http.AbstractHTTPDestination] - [M: Finished servicing http request on thread: Thread[http-nio-8081-exec-3,5,com.cap.jumpthequeue.SpringBootApp]]
[D: 2018-07-12 08:43:00,285] [P: DEBUG] [C: c4019d69-bc46-4be9-a823-46352d9427fd] [T: http-nio-8081-exec-3] [L: org.apache.cxf.transport.servlet.ServletController] - [M: Finished servicing http request on thread: Thread[http-nio-8081-exec-3,5,com.cap.jumpthequeue.SpringBootApp]]
[D: 2018-07-12 08:43:00,285] [P: INFO ] [C: ] [T: http-nio-8081-exec-3] [L: io.oasp.module.logging.common.impl.PerformanceLogFilter] - [M: http://localhost:8081/jumpthequeue/services/rest/visitormanagement/v1/visitor/1;812;200;;]
[D: 2018-07-12 08:44:43,649] [P: INFO ] [C: ] [T: Thread-5] [L: org.springframework.boot.context.embedded.AnnotationConfigEmbeddedWebApplicationContext] - [M: Closing org.springframework.boot.context.embedded.AnnotationConfigEmbeddedWebApplicationContext@2d5bf93b: startup date [Thu Jul 12 08:38:24 CEST 2018]; root of context hierarchy]
[D: 2018-07-12 08:44:43,649] [P: DEBUG] [C: ] [T: Thread-5] [L: org.apache.cxf.endpoint.ServerImpl] - [M: Server is stopping.]
[D: 2018-07-12 08:44:43,649] [P: DEBUG] [C: ] [T: Thread-5] [L: org.apache.cxf.transport.servlet.ServletDestination] - [M: unregistering incoming observer: org.apache.cxf.transport.ChainInitiationObserver@77ec8027]
[D: 2018-07-12 08:44:43,649] [P: DEBUG] [C: ] [T: Thread-5] [L: org.apache.cxf.endpoint.ServerImpl] - [M: unregister the server to serverRegistry ]
[D: 2018-07-12 08:44:43,649] [P: INFO ] [C: ] [T: Thread-5] [L: org.springframework.context.support.DefaultLifecycleProcessor] - [M: Stopping beans in phase 0]
[D: 2018-07-12 08:44:43,649] [P: INFO ] [C: ] [T: Thread-5] [L: org.springframework.boot.actuate.endpoint.jmx.EndpointMBeanExporter] - [M: Unregistering JMX-exposed beans on shutdown]
[D: 2018-07-12 08:44:43,649] [P: INFO ] [C: ] [T: Thread-5] [L: org.springframework.boot.actuate.endpoint.jmx.EndpointMBeanExporter] - [M: Unregistering JMX-exposed beans]
[D: 2018-07-12 08:44:43,649] [P: INFO ] [C: ] [T: Thread-5] [L: org.springframework.jmx.export.annotation.AnnotationMBeanExporter] - [M: Unregistering JMX-exposed beans on shutdown]
[D: 2018-07-12 08:44:43,665] [P: INFO ] [C: ] [T: Thread-5] [L: org.springframework.orm.jpa.LocalContainerEntityManagerFactoryBean] - [M: Closing JPA EntityManagerFactory for persistence unit 'default']
