[D: 2018-07-12 08:38:24,643] [P: INFO ] [C: ] [T: main] [L: com.cap.jumpthequeue.SpringBootApp] - [M: Starting SpringBootApp on LES006129 with PID 6480 (C:\Users\mruizand\Devon-dist_2.4.0\conf\.m2\repository\com\cap\jumpthequeue-core\0.1\jumpthequeue-core-0.1.jar started by mruizand in C:\Users\mruizand\Devon-dist_2.4.0\jumpthequeue\server)]
[D: 2018-07-12 08:38:24,643] [P: INFO ] [C: ] [T: main] [L: com.cap.jumpthequeue.SpringBootApp] - [M: No active profile set, falling back to default profiles: default]
[D: 2018-07-12 08:38:24,752] [P: INFO ] [C: ] [T: main] [L: org.springframework.boot.context.embedded.AnnotationConfigEmbeddedWebApplicationContext] - [M: Refreshing org.springframework.boot.context.embedded.AnnotationConfigEmbeddedWebApplicationContext@2d5bf93b: startup date [Thu Jul 12 08:38:24 CEST 2018]; root of context hierarchy]
[D: 2018-07-12 08:38:25,143] [P: INFO ] [C: ] [T: background-preinit] [L: org.hibernate.validator.internal.util.Version] - [M: HV000001: Hibernate Validator 5.3.5.Final]
[D: 2018-07-12 08:38:26,245] [P: INFO ] [C: ] [T: main] [L: org.springframework.beans.factory.xml.XmlBeanDefinitionReader] - [M: Loading XML bean definitions from class path resource [META-INF/cxf/cxf.xml]]
[D: 2018-07-12 08:38:27,057] [P: INFO ] [C: ] [T: main] [L: org.springframework.beans.factory.annotation.AutowiredAnnotationBeanPostProcessor] - [M: JSR-330 'javax.inject.Inject' annotation found and supported for autowiring]
[D: 2018-07-12 08:38:27,450] [P: INFO ] [C: ] [T: main] [L: org.springframework.context.support.PostProcessorRegistrationDelegate$BeanPostProcessorChecker] - [M: Bean 'cxf' of type [org.apache.cxf.bus.spring.SpringBus] is not eligible for getting processed by all BeanPostProcessors (for example: not eligible for auto-proxying)]
[D: 2018-07-12 08:38:27,450] [P: INFO ] [C: ] [T: main] [L: org.springframework.context.support.PostProcessorRegistrationDelegate$BeanPostProcessorChecker] - [M: Bean 'io.oasp.module.cxf.common.impl.server.soap.CxfServerSoapAutoConfiguration' of type [io.oasp.module.cxf.common.impl.server.soap.CxfServerSoapAutoConfiguration$$EnhancerBySpringCGLIB$$df7673c5] is not eligible for getting processed by all BeanPostProcessors (for example: not eligible for auto-proxying)]
[D: 2018-07-12 08:38:27,481] [P: INFO ] [C: ] [T: main] [L: org.springframework.context.support.PostProcessorRegistrationDelegate$BeanPostProcessorChecker] - [M: Bean 'org.springframework.ws.config.annotation.DelegatingWsConfiguration' of type [org.springframework.ws.config.annotation.DelegatingWsConfiguration$$EnhancerBySpringCGLIB$$b1c2134c] is not eligible for getting processed by all BeanPostProcessors (for example: not eligible for auto-proxying)]
[D: 2018-07-12 08:38:27,544] [P: INFO ] [C: ] [T: main] [L: org.springframework.ws.soap.addressing.server.AnnotationActionEndpointMapping] - [M: Supporting [WS-Addressing August 2004, WS-Addressing 1.0]]
[D: 2018-07-12 08:38:28,251] [P: INFO ] [C: ] [T: main] [L: org.springframework.boot.context.embedded.tomcat.TomcatEmbeddedServletContainer] - [M: Tomcat initialized with port(s): 8081 (http)]
[D: 2018-07-12 08:38:28,251] [P: INFO ] [C: ] [T: main] [L: org.apache.catalina.core.StandardService] - [M: Starting service Tomcat]
[D: 2018-07-12 08:38:28,266] [P: INFO ] [C: ] [T: main] [L: org.apache.catalina.core.StandardEngine] - [M: Starting Servlet Engine: Apache Tomcat/8.5.14]
[D: 2018-07-12 08:38:28,673] [P: INFO ] [C: ] [T: localhost-startStop-1] [L: org.apache.catalina.core.ContainerBase.[Tomcat].[localhost].[/jumpthequeue]] - [M: Initializing Spring embedded WebApplicationContext]
[D: 2018-07-12 08:38:28,673] [P: INFO ] [C: ] [T: localhost-startStop-1] [L: org.springframework.web.context.ContextLoader] - [M: Root WebApplicationContext: initialization completed in 3921 ms]
[D: 2018-07-12 08:38:29,157] [P: INFO ] [C: ] [T: localhost-startStop-1] [L: org.springframework.boot.web.servlet.FilterRegistrationBean] - [M: Mapping filter: 'metricsFilter' to: [/*]]
[D: 2018-07-12 08:38:29,157] [P: INFO ] [C: ] [T: localhost-startStop-1] [L: org.springframework.boot.web.servlet.FilterRegistrationBean] - [M: Mapping filter: 'characterEncodingFilter' to: [/*]]
[D: 2018-07-12 08:38:29,157] [P: INFO ] [C: ] [T: localhost-startStop-1] [L: org.springframework.boot.web.servlet.FilterRegistrationBean] - [M: Mapping filter: 'hiddenHttpMethodFilter' to: [/*]]
[D: 2018-07-12 08:38:29,157] [P: INFO ] [C: ] [T: localhost-startStop-1] [L: org.springframework.boot.web.servlet.FilterRegistrationBean] - [M: Mapping filter: 'httpPutFormContentFilter' to: [/*]]
[D: 2018-07-12 08:38:29,157] [P: INFO ] [C: ] [T: localhost-startStop-1] [L: org.springframework.boot.web.servlet.FilterRegistrationBean] - [M: Mapping filter: 'requestContextFilter' to: [/*]]
[D: 2018-07-12 08:38:29,157] [P: INFO ] [C: ] [T: localhost-startStop-1] [L: org.springframework.boot.web.servlet.DelegatingFilterProxyRegistrationBean] - [M: Mapping filter: 'springSecurityFilterChain' to: [/*]]
[D: 2018-07-12 08:38:29,157] [P: INFO ] [C: ] [T: localhost-startStop-1] [L: org.springframework.boot.web.servlet.FilterRegistrationBean] - [M: Mapping filter: 'webRequestLoggingFilter' to: [/*]]
[D: 2018-07-12 08:38:29,157] [P: INFO ] [C: ] [T: localhost-startStop-1] [L: org.springframework.boot.web.servlet.FilterRegistrationBean] - [M: Mapping filter: 'performanceLogFilter' to urls: [/*]]
[D: 2018-07-12 08:38:29,157] [P: INFO ] [C: ] [T: localhost-startStop-1] [L: org.springframework.boot.web.servlet.FilterRegistrationBean] - [M: Mapping filter: 'diagnosticContextFilter' to urls: [/services/*]]
[D: 2018-07-12 08:38:29,157] [P: INFO ] [C: ] [T: localhost-startStop-1] [L: org.springframework.boot.web.servlet.FilterRegistrationBean] - [M: Filter characterEncodingFilter was not registered (possibly already registered?)]
[D: 2018-07-12 08:38:29,173] [P: INFO ] [C: ] [T: localhost-startStop-1] [L: org.springframework.boot.web.servlet.FilterRegistrationBean] - [M: Mapping filter: 'applicationContextIdFilter' to: [/*]]
[D: 2018-07-12 08:38:29,173] [P: INFO ] [C: ] [T: localhost-startStop-1] [L: org.springframework.boot.web.servlet.ServletRegistrationBean] - [M: Mapping servlet: 'dispatcherServlet' to [/]]
[D: 2018-07-12 08:38:29,173] [P: INFO ] [C: ] [T: localhost-startStop-1] [L: org.springframework.boot.web.servlet.ServletRegistrationBean] - [M: Mapping servlet: 'CXFServlet' to [/services/*]]
[D: 2018-07-12 08:38:29,204] [P: INFO ] [C: ] [T: localhost-startStop-1] [L: io.oasp.module.logging.common.impl.DiagnosticContextFilter] - [M: Correlation ID header initialized to: X-Correlation-Id]
[D: 2018-07-12 08:38:29,470] [P: INFO ] [C: ] [T: main] [L: org.flywaydb.core.internal.util.VersionPrinter] - [M: Flyway 4.2.0 by Boxfuse]
[D: 2018-07-12 08:38:29,657] [P: INFO ] [C: ] [T: main] [L: org.flywaydb.core.internal.dbsupport.DbSupportFactory] - [M: Database: jdbc:h2:mem:testdb (H2 1.4)]
[D: 2018-07-12 08:38:32,109] [P: INFO ] [C: ] [T: main] [L: org.flywaydb.core.internal.command.DbValidate] - [M: Successfully validated 6 migrations (execution time 00:01.895s)]
[D: 2018-07-12 08:38:32,109] [P: INFO ] [C: ] [T: main] [L: org.flywaydb.core.internal.metadatatable.MetaDataTableImpl] - [M: Creating Metadata table: "PUBLIC"."schema_version"]
[D: 2018-07-12 08:38:32,140] [P: INFO ] [C: ] [T: main] [L: org.flywaydb.core.internal.command.DbMigrate] - [M: Current version of schema "PUBLIC": << Empty Schema >>]
[D: 2018-07-12 08:38:32,140] [P: INFO ] [C: ] [T: main] [L: org.flywaydb.core.internal.command.DbMigrate] - [M: Migrating schema "PUBLIC" to version 0001 - Create Sequence]
[D: 2018-07-12 08:38:32,156] [P: INFO ] [C: ] [T: main] [L: org.flywaydb.core.internal.command.DbMigrate] - [M: Migrating schema "PUBLIC" to version 0002 - Create RevInfo]
[D: 2018-07-12 08:38:32,172] [P: INFO ] [C: ] [T: main] [L: org.flywaydb.core.internal.command.DbMigrate] - [M: Migrating schema "PUBLIC" to version 0003 - Create BinaryObject]
[D: 2018-07-12 08:38:32,172] [P: INFO ] [C: ] [T: main] [L: org.flywaydb.core.internal.command.DbMigrate] - [M: Migrating schema "PUBLIC" to version 0004 - Add blob data]
[D: 2018-07-12 08:38:32,187] [P: INFO ] [C: ] [T: main] [L: org.flywaydb.core.internal.command.DbMigrate] - [M: Migrating schema "PUBLIC" to version 0005 - Create Visitor]
[D: 2018-07-12 08:38:32,219] [P: INFO ] [C: ] [T: main] [L: org.flywaydb.core.internal.command.DbMigrate] - [M: Migrating schema "PUBLIC" to version 0006 - R001 Master data]
[D: 2018-07-12 08:38:32,234] [P: INFO ] [C: ] [T: main] [L: org.flywaydb.core.internal.command.DbMigrate] - [M: Successfully applied 6 migrations to schema "PUBLIC" (execution time 00:00.119s).]
[D: 2018-07-12 08:38:32,422] [P: INFO ] [C: ] [T: main] [L: org.springframework.orm.jpa.LocalContainerEntityManagerFactoryBean] - [M: Building JPA container EntityManagerFactory for persistence unit 'default']
[D: 2018-07-12 08:38:32,453] [P: INFO ] [C: ] [T: main] [L: org.hibernate.jpa.internal.util.LogHelper] - [M: HHH000204: Processing PersistenceUnitInfo [ | 	name: default | 	...]]
[D: 2018-07-12 08:38:32,515] [P: INFO ] [C: ] [T: main] [L: org.hibernate.Version] - [M: HHH000412: Hibernate Core {5.0.12.Final}]
[D: 2018-07-12 08:38:32,515] [P: INFO ] [C: ] [T: main] [L: org.hibernate.cfg.Environment] - [M: HHH000206: hibernate.properties not found]
[D: 2018-07-12 08:38:32,531] [P: INFO ] [C: ] [T: main] [L: org.hibernate.cfg.Environment] - [M: HHH000021: Bytecode provider name : javassist]
[D: 2018-07-12 08:38:32,594] [P: INFO ] [C: ] [T: main] [L: org.hibernate.annotations.common.Version] - [M: HCANN000001: Hibernate Commons Annotations {5.0.1.Final}]
[D: 2018-07-12 08:38:32,750] [P: INFO ] [C: ] [T: main] [L: org.hibernate.dialect.Dialect] - [M: HHH000400: Using dialect: org.hibernate.dialect.H2Dialect]
[D: 2018-07-12 08:38:32,828] [P: INFO ] [C: ] [T: main] [L: org.hibernate.envers.boot.internal.EnversServiceImpl] - [M: Envers integration enabled? : true]
[D: 2018-07-12 08:38:33,463] [P: INFO ] [C: ] [T: main] [L: org.hibernate.tool.hbm2ddl.SchemaValidator] - [M: HHH000229: Running schema validator]
[D: 2018-07-12 08:38:33,541] [P: INFO ] [C: ] [T: main] [L: org.springframework.orm.jpa.LocalContainerEntityManagerFactoryBean] - [M: Initialized JPA EntityManagerFactory for persistence unit 'default']
[D: 2018-07-12 08:38:33,713] [P: INFO ] [C: ] [T: main] [L: org.dozer.config.GlobalSettings] - [M: Trying to find Dozer configuration file: dozer.properties]
[D: 2018-07-12 08:38:33,713] [P: WARN ] [C: ] [T: main] [L: org.dozer.config.GlobalSettings] - [M: Dozer configuration file not found: dozer.properties.  Using defaults for all Dozer global properties.]
[D: 2018-07-12 08:38:33,728] [P: INFO ] [C: ] [T: main] [L: org.dozer.DozerInitializer] - [M: Initializing Dozer. Version: 5.5.0, Thread Name: main]
[D: 2018-07-12 08:38:33,728] [P: INFO ] [C: ] [T: main] [L: org.dozer.jmx.JMXPlatformImpl] - [M: Dozer JMX MBean [org.dozer.jmx:type=DozerStatisticsController] auto registered with the Platform MBean Server]
[D: 2018-07-12 08:38:33,728] [P: INFO ] [C: ] [T: main] [L: org.dozer.jmx.JMXPlatformImpl] - [M: Dozer JMX MBean [org.dozer.jmx:type=DozerAdminController] auto registered with the Platform MBean Server]
[D: 2018-07-12 08:38:33,728] [P: INFO ] [C: ] [T: main] [L: org.dozer.DozerBeanMapper] - [M: Initializing a new instance of dozer bean mapper.]
[D: 2018-07-12 08:38:34,923] [P: INFO ] [C: ] [T: main] [L: org.springframework.security.web.DefaultSecurityFilterChain] - [M: Creating filter chain: org.springframework.security.web.util.matcher.AnyRequestMatcher@1, [org.springframework.security.web.context.request.async.WebAsyncManagerIntegrationFilter@2612bd61, org.springframework.security.web.context.SecurityContextPersistenceFilter@599a4994, org.springframework.security.web.header.HeaderWriterFilter@1291f042, org.springframework.security.web.csrf.CsrfFilter@3bce72e1, org.springframework.security.web.authentication.logout.LogoutFilter@4dfefcf4, org.springframework.security.web.authentication.logout.LogoutFilter@2eace3c4, org.springframework.security.web.authentication.UsernamePasswordAuthenticationFilter@79f125c1, org.springframework.security.web.authentication.ui.DefaultLoginPageGeneratingFilter@1832cbef, io.oasp.module.security.common.impl.rest.JsonUsernamePasswordAuthenticationFilter@387d95fe, org.springframework.security.web.savedrequest.RequestCacheAwareFilter@1b792cea, org.springframework.security.web.servletapi.SecurityContextHolderAwareRequestFilter@61633f6f, org.springframework.security.web.authentication.AnonymousAuthenticationFilter@17287e91, org.springframework.security.web.session.SessionManagementFilter@d809d95, org.springframework.security.web.access.ExceptionTranslationFilter@36c6d520, org.springframework.security.web.access.intercept.FilterSecurityInterceptor@4f90a73a]]
[D: 2018-07-12 08:38:34,939] [P: INFO ] [C: ] [T: main] [L: org.springframework.security.web.DefaultSecurityFilterChain] - [M: Creating filter chain: org.springframework.boot.actuate.autoconfigure.ManagementWebSecurityAutoConfiguration$LazyEndpointPathRequestMatcher@13ec83f, [org.springframework.security.web.context.request.async.WebAsyncManagerIntegrationFilter@575ab868, org.springframework.security.web.context.SecurityContextPersistenceFilter@13947a4e, org.springframework.security.web.header.HeaderWriterFilter@50716a34, org.springframework.security.web.authentication.logout.LogoutFilter@2f626dac, org.springframework.security.web.authentication.www.BasicAuthenticationFilter@2394ef71, org.springframework.security.web.savedrequest.RequestCacheAwareFilter@1275996a, org.springframework.security.web.servletapi.SecurityContextHolderAwareRequestFilter@490e71da, org.springframework.security.web.authentication.AnonymousAuthenticationFilter@53b12a95, org.springframework.security.web.session.SessionManagementFilter@6721fa64, org.springframework.security.web.access.ExceptionTranslationFilter@742ea9c7, org.springframework.security.web.access.intercept.FilterSecurityInterceptor@6c2752b2]]
[D: 2018-07-12 08:38:35,064] [P: INFO ] [C: ] [T: main] [L: org.springframework.web.servlet.mvc.method.annotation.RequestMappingHandlerAdapter] - [M: Looking for @ControllerAdvice: org.springframework.boot.context.embedded.AnnotationConfigEmbeddedWebApplicationContext@2d5bf93b: startup date [Thu Jul 12 08:38:24 CEST 2018]; root of context hierarchy]
[D: 2018-07-12 08:38:35,205] [P: INFO ] [C: ] [T: main] [L: org.springframework.web.servlet.mvc.method.annotation.RequestMappingHandlerMapping] - [M: Mapped "{[/login**],methods=[GET]}" onto public org.springframework.web.servlet.ModelAndView com.cap.jumpthequeue.general.service.impl.LoginController.login(boolean,boolean,boolean,boolean)]
[D: 2018-07-12 08:38:35,205] [P: INFO ] [C: ] [T: main] [L: org.springframework.web.servlet.mvc.method.annotation.RequestMappingHandlerMapping] - [M: Mapped "{[/error]}" onto public org.springframework.http.ResponseEntity<java.util.Map<java.lang.String, java.lang.Object>> org.springframework.boot.autoconfigure.web.BasicErrorController.error(javax.servlet.http.HttpServletRequest)]
[D: 2018-07-12 08:38:35,205] [P: INFO ] [C: ] [T: main] [L: org.springframework.web.servlet.mvc.method.annotation.RequestMappingHandlerMapping] - [M: Mapped "{[/error],produces=[text/html]}" onto public org.springframework.web.servlet.ModelAndView org.springframework.boot.autoconfigure.web.BasicErrorController.errorHtml(javax.servlet.http.HttpServletRequest,javax.servlet.http.HttpServletResponse)]
[D: 2018-07-12 08:38:35,251] [P: INFO ] [C: ] [T: main] [L: org.springframework.web.servlet.handler.SimpleUrlHandlerMapping] - [M: Mapped URL path [/webjars/**] onto handler of type [class org.springframework.web.servlet.resource.ResourceHttpRequestHandler]]
[D: 2018-07-12 08:38:35,251] [P: INFO ] [C: ] [T: main] [L: org.springframework.web.servlet.handler.SimpleUrlHandlerMapping] - [M: Mapped URL path [/**] onto handler of type [class org.springframework.web.servlet.resource.ResourceHttpRequestHandler]]
[D: 2018-07-12 08:38:35,330] [P: INFO ] [C: ] [T: main] [L: org.springframework.web.servlet.handler.SimpleUrlHandlerMapping] - [M: Mapped URL path [/**/favicon.ico] onto handler of type [class org.springframework.web.servlet.resource.ResourceHttpRequestHandler]]
[D: 2018-07-12 08:38:35,361] [P: INFO ] [C: ] [T: main] [L: org.springframework.boot.autoconfigure.web.WebMvcAutoConfiguration$WelcomePageHandlerMapping] - [M: Adding welcome page: class path resource [static/index.html]]
[D: 2018-07-12 08:38:35,673] [P: INFO ] [C: ] [T: main] [L: org.apache.cxf.endpoint.ServerImpl] - [M: Setting the server's publish address to be /rest]
[D: 2018-07-12 08:38:35,841] [P: INFO ] [C: ] [T: main] [L: io.oasp.module.cxf.common.impl.server.soap.CxfServerSoapAutoConfiguration] - [M: No SOAP Services have been found. SOAP Endpoint will not be enabled in CXF.]
[D: 2018-07-12 08:38:36,304] [P: INFO ] [C: ] [T: main] [L: org.springframework.boot.actuate.endpoint.mvc.EndpointHandlerMapping] - [M: Mapped "{[/auditevents  |  |  /auditevents.json],methods=[GET],produces=[application/vnd.spring-boot.actuator.v1+json  |  |  application/json]}" onto public org.springframework.http.ResponseEntity<?> org.springframework.boot.actuate.endpoint.mvc.AuditEventsMvcEndpoint.findByPrincipalAndAfterAndType(java.lang.String,java.util.Date,java.lang.String)]
[D: 2018-07-12 08:38:36,304] [P: INFO ] [C: ] [T: main] [L: org.springframework.boot.actuate.endpoint.mvc.EndpointHandlerMapping] - [M: Mapped "{[/env/{name:.*}],methods=[GET],produces=[application/vnd.spring-boot.actuator.v1+json  |  |  application/json]}" onto public java.lang.Object org.springframework.boot.actuate.endpoint.mvc.EnvironmentMvcEndpoint.value(java.lang.String)]
[D: 2018-07-12 08:38:36,304] [P: INFO ] [C: ] [T: main] [L: org.springframework.boot.actuate.endpoint.mvc.EndpointHandlerMapping] - [M: Mapped "{[/env  |  |  /env.json],methods=[GET],produces=[application/vnd.spring-boot.actuator.v1+json  |  |  application/json]}" onto public java.lang.Object org.springframework.boot.actuate.endpoint.mvc.EndpointMvcAdapter.invoke()]
[D: 2018-07-12 08:38:36,304] [P: INFO ] [C: ] [T: main] [L: org.springframework.boot.actuate.endpoint.mvc.EndpointHandlerMapping] - [M: Mapped "{[/heapdump  |  |  /heapdump.json],methods=[GET],produces=[application/octet-stream]}" onto public void org.springframework.boot.actuate.endpoint.mvc.HeapdumpMvcEndpoint.invoke(boolean,javax.servlet.http.HttpServletRequest,javax.servlet.http.HttpServletResponse) throws java.io.IOException,javax.servlet.ServletException]
[D: 2018-07-12 08:38:36,304] [P: INFO ] [C: ] [T: main] [L: org.springframework.boot.actuate.endpoint.mvc.EndpointHandlerMapping] - [M: Mapped "{[/beans  |  |  /beans.json],methods=[GET],produces=[application/vnd.spring-boot.actuator.v1+json  |  |  application/json]}" onto public java.lang.Object org.springframework.boot.actuate.endpoint.mvc.EndpointMvcAdapter.invoke()]
[D: 2018-07-12 08:38:36,320] [P: INFO ] [C: ] [T: main] [L: org.springframework.boot.actuate.endpoint.mvc.EndpointHandlerMapping] - [M: Mapped "{[/configprops  |  |  /configprops.json],methods=[GET],produces=[application/vnd.spring-boot.actuator.v1+json  |  |  application/json]}" onto public java.lang.Object org.springframework.boot.actuate.endpoint.mvc.EndpointMvcAdapter.invoke()]
[D: 2018-07-12 08:38:36,320] [P: INFO ] [C: ] [T: main] [L: org.springframework.boot.actuate.endpoint.mvc.EndpointHandlerMapping] - [M: Mapped "{[/mappings  |  |  /mappings.json],methods=[GET],produces=[application/vnd.spring-boot.actuator.v1+json  |  |  application/json]}" onto public java.lang.Object org.springframework.boot.actuate.endpoint.mvc.EndpointMvcAdapter.invoke()]
[D: 2018-07-12 08:38:36,320] [P: INFO ] [C: ] [T: main] [L: org.springframework.boot.actuate.endpoint.mvc.EndpointHandlerMapping] - [M: Mapped "{[/dump  |  |  /dump.json],methods=[GET],produces=[application/vnd.spring-boot.actuator.v1+json  |  |  application/json]}" onto public java.lang.Object org.springframework.boot.actuate.endpoint.mvc.EndpointMvcAdapter.invoke()]
[D: 2018-07-12 08:38:36,320] [P: INFO ] [C: ] [T: main] [L: org.springframework.boot.actuate.endpoint.mvc.EndpointHandlerMapping] - [M: Mapped "{[/flyway  |  |  /flyway.json],methods=[GET],produces=[application/vnd.spring-boot.actuator.v1+json  |  |  application/json]}" onto public java.lang.Object org.springframework.boot.actuate.endpoint.mvc.EndpointMvcAdapter.invoke()]
[D: 2018-07-12 08:38:36,320] [P: INFO ] [C: ] [T: main] [L: org.springframework.boot.actuate.endpoint.mvc.EndpointHandlerMapping] - [M: Mapped "{[/loggers/{name:.*}],methods=[GET],produces=[application/vnd.spring-boot.actuator.v1+json  |  |  application/json]}" onto public java.lang.Object org.springframework.boot.actuate.endpoint.mvc.LoggersMvcEndpoint.get(java.lang.String)]
[D: 2018-07-12 08:38:36,320] [P: INFO ] [C: ] [T: main] [L: org.springframework.boot.actuate.endpoint.mvc.EndpointHandlerMapping] - [M: Mapped "{[/loggers/{name:.*}],methods=[POST],consumes=[application/vnd.spring-boot.actuator.v1+json  |  |  application/json],produces=[application/vnd.spring-boot.actuator.v1+json  |  |  application/json]}" onto public java.lang.Object org.springframework.boot.actuate.endpoint.mvc.LoggersMvcEndpoint.set(java.lang.String,java.util.Map<java.lang.String, java.lang.String>)]
[D: 2018-07-12 08:38:36,320] [P: INFO ] [C: ] [T: main] [L: org.springframework.boot.actuate.endpoint.mvc.EndpointHandlerMapping] - [M: Mapped "{[/loggers  |  |  /loggers.json],methods=[GET],produces=[application/vnd.spring-boot.actuator.v1+json  |  |  application/json]}" onto public java.lang.Object org.springframework.boot.actuate.endpoint.mvc.EndpointMvcAdapter.invoke()]
[D: 2018-07-12 08:38:36,320] [P: INFO ] [C: ] [T: main] [L: org.springframework.boot.actuate.endpoint.mvc.EndpointHandlerMapping] - [M: Mapped "{[/metrics/{name:.*}],methods=[GET],produces=[application/vnd.spring-boot.actuator.v1+json  |  |  application/json]}" onto public java.lang.Object org.springframework.boot.actuate.endpoint.mvc.MetricsMvcEndpoint.value(java.lang.String)]
[D: 2018-07-12 08:38:36,320] [P: INFO ] [C: ] [T: main] [L: org.springframework.boot.actuate.endpoint.mvc.EndpointHandlerMapping] - [M: Mapped "{[/metrics  |  |  /metrics.json],methods=[GET],produces=[application/vnd.spring-boot.actuator.v1+json  |  |  application/json]}" onto public java.lang.Object org.springframework.boot.actuate.endpoint.mvc.EndpointMvcAdapter.invoke()]
[D: 2018-07-12 08:38:36,320] [P: INFO ] [C: ] [T: main] [L: org.springframework.boot.actuate.endpoint.mvc.EndpointHandlerMapping] - [M: Mapped "{[/autoconfig  |  |  /autoconfig.json],methods=[GET],produces=[application/vnd.spring-boot.actuator.v1+json  |  |  application/json]}" onto public java.lang.Object org.springframework.boot.actuate.endpoint.mvc.EndpointMvcAdapter.invoke()]
[D: 2018-07-12 08:38:36,336] [P: INFO ] [C: ] [T: main] [L: org.springframework.boot.actuate.endpoint.mvc.EndpointHandlerMapping] - [M: Mapped "{[/health  |  |  /health.json],methods=[GET],produces=[application/vnd.spring-boot.actuator.v1+json  |  |  application/json]}" onto public java.lang.Object org.springframework.boot.actuate.endpoint.mvc.HealthMvcEndpoint.invoke(javax.servlet.http.HttpServletRequest,java.security.Principal)]
[D: 2018-07-12 08:38:36,336] [P: INFO ] [C: ] [T: main] [L: org.springframework.boot.actuate.endpoint.mvc.EndpointHandlerMapping] - [M: Mapped "{[/info  |  |  /info.json],methods=[GET],produces=[application/vnd.spring-boot.actuator.v1+json  |  |  application/json]}" onto public java.lang.Object org.springframework.boot.actuate.endpoint.mvc.EndpointMvcAdapter.invoke()]
[D: 2018-07-12 08:38:36,336] [P: INFO ] [C: ] [T: main] [L: org.springframework.boot.actuate.endpoint.mvc.EndpointHandlerMapping] - [M: Mapped "{[/trace  |  |  /trace.json],methods=[GET],produces=[application/vnd.spring-boot.actuator.v1+json  |  |  application/json]}" onto public java.lang.Object org.springframework.boot.actuate.endpoint.mvc.EndpointMvcAdapter.invoke()]
[D: 2018-07-12 08:38:36,539] [P: INFO ] [C: ] [T: main] [L: org.springframework.jmx.export.annotation.AnnotationMBeanExporter] - [M: Registering beans for JMX exposure on startup]
[D: 2018-07-12 08:38:36,539] [P: INFO ] [C: ] [T: main] [L: org.springframework.boot.actuate.endpoint.jmx.EndpointMBeanExporter] - [M: Registering beans for JMX exposure on startup]
[D: 2018-07-12 08:38:36,554] [P: INFO ] [C: ] [T: main] [L: org.springframework.context.support.DefaultLifecycleProcessor] - [M: Starting beans in phase 0]
[D: 2018-07-12 08:38:36,554] [P: INFO ] [C: ] [T: main] [L: org.springframework.boot.actuate.endpoint.jmx.EndpointMBeanExporter] - [M: Located managed bean 'auditEventsEndpoint': registering with JMX server as MBean [org.springframework.boot:type=Endpoint,name=auditEventsEndpoint]]
[D: 2018-07-12 08:38:36,601] [P: INFO ] [C: ] [T: main] [L: org.springframework.boot.actuate.endpoint.jmx.EndpointMBeanExporter] - [M: Located managed bean 'requestMappingEndpoint': registering with JMX server as MBean [org.springframework.boot:type=Endpoint,name=requestMappingEndpoint]]
[D: 2018-07-12 08:38:36,617] [P: INFO ] [C: ] [T: main] [L: org.springframework.boot.actuate.endpoint.jmx.EndpointMBeanExporter] - [M: Located managed bean 'flywayEndpoint': registering with JMX server as MBean [org.springframework.boot:type=Endpoint,name=flywayEndpoint]]
[D: 2018-07-12 08:38:36,633] [P: INFO ] [C: ] [T: main] [L: org.springframework.boot.actuate.endpoint.jmx.EndpointMBeanExporter] - [M: Located managed bean 'environmentEndpoint': registering with JMX server as MBean [org.springframework.boot:type=Endpoint,name=environmentEndpoint]]
[D: 2018-07-12 08:38:36,633] [P: INFO ] [C: ] [T: main] [L: org.springframework.boot.actuate.endpoint.jmx.EndpointMBeanExporter] - [M: Located managed bean 'healthEndpoint': registering with JMX server as MBean [org.springframework.boot:type=Endpoint,name=healthEndpoint]]
[D: 2018-07-12 08:38:36,648] [P: INFO ] [C: ] [T: main] [L: org.springframework.boot.actuate.endpoint.jmx.EndpointMBeanExporter] - [M: Located managed bean 'beansEndpoint': registering with JMX server as MBean [org.springframework.boot:type=Endpoint,name=beansEndpoint]]
[D: 2018-07-12 08:38:36,648] [P: INFO ] [C: ] [T: main] [L: org.springframework.boot.actuate.endpoint.jmx.EndpointMBeanExporter] - [M: Located managed bean 'infoEndpoint': registering with JMX server as MBean [org.springframework.boot:type=Endpoint,name=infoEndpoint]]
[D: 2018-07-12 08:38:36,648] [P: INFO ] [C: ] [T: main] [L: org.springframework.boot.actuate.endpoint.jmx.EndpointMBeanExporter] - [M: Located managed bean 'loggersEndpoint': registering with JMX server as MBean [org.springframework.boot:type=Endpoint,name=loggersEndpoint]]
[D: 2018-07-12 08:38:36,648] [P: INFO ] [C: ] [T: main] [L: org.springframework.boot.actuate.endpoint.jmx.EndpointMBeanExporter] - [M: Located managed bean 'metricsEndpoint': registering with JMX server as MBean [org.springframework.boot:type=Endpoint,name=metricsEndpoint]]
[D: 2018-07-12 08:38:36,664] [P: INFO ] [C: ] [T: main] [L: org.springframework.boot.actuate.endpoint.jmx.EndpointMBeanExporter] - [M: Located managed bean 'traceEndpoint': registering with JMX server as MBean [org.springframework.boot:type=Endpoint,name=traceEndpoint]]
[D: 2018-07-12 08:38:36,664] [P: INFO ] [C: ] [T: main] [L: org.springframework.boot.actuate.endpoint.jmx.EndpointMBeanExporter] - [M: Located managed bean 'dumpEndpoint': registering with JMX server as MBean [org.springframework.boot:type=Endpoint,name=dumpEndpoint]]
[D: 2018-07-12 08:38:36,680] [P: INFO ] [C: ] [T: main] [L: org.springframework.boot.actuate.endpoint.jmx.EndpointMBeanExporter] - [M: Located managed bean 'autoConfigurationReportEndpoint': registering with JMX server as MBean [org.springframework.boot:type=Endpoint,name=autoConfigurationReportEndpoint]]
[D: 2018-07-12 08:38:36,680] [P: INFO ] [C: ] [T: main] [L: org.springframework.boot.actuate.endpoint.jmx.EndpointMBeanExporter] - [M: Located managed bean 'configurationPropertiesReportEndpoint': registering with JMX server as MBean [org.springframework.boot:type=Endpoint,name=configurationPropertiesReportEndpoint]]
[D: 2018-07-12 08:38:36,711] [P: INFO ] [C: ] [T: main] [L: org.apache.coyote.http11.Http11NioProtocol] - [M: Initializing ProtocolHandler ["http-nio-8081"]]
[D: 2018-07-12 08:38:36,742] [P: INFO ] [C: ] [T: main] [L: org.apache.coyote.http11.Http11NioProtocol] - [M: Starting ProtocolHandler ["http-nio-8081"]]
[D: 2018-07-12 08:38:36,773] [P: INFO ] [C: ] [T: main] [L: org.apache.tomcat.util.net.NioSelectorPool] - [M: Using a shared selector for servlet write/read]
[D: 2018-07-12 08:38:36,805] [P: INFO ] [C: ] [T: main] [L: org.springframework.boot.context.embedded.tomcat.TomcatEmbeddedServletContainer] - [M: Tomcat started on port(s): 8081 (http)]
[D: 2018-07-12 08:38:36,820] [P: INFO ] [C: ] [T: main] [L: com.cap.jumpthequeue.SpringBootApp] - [M: Started SpringBootApp in 12.616 seconds (JVM running for 21.233)]
[D: 2018-07-12 08:42:05,925] [P: INFO ] [C: ] [T: http-nio-8081-exec-3] [L: org.apache.catalina.core.ContainerBase.[Tomcat].[localhost].[/jumpthequeue]] - [M: Initializing Spring FrameworkServlet 'dispatcherServlet']
[D: 2018-07-12 08:42:05,926] [P: INFO ] [C: ] [T: http-nio-8081-exec-3] [L: org.springframework.web.servlet.DispatcherServlet] - [M: FrameworkServlet 'dispatcherServlet': initialization started]
[D: 2018-07-12 08:42:05,970] [P: INFO ] [C: ] [T: http-nio-8081-exec-3] [L: org.springframework.web.servlet.DispatcherServlet] - [M: FrameworkServlet 'dispatcherServlet': initialization completed in 44 ms]
[D: 2018-07-12 08:42:09,390] [P: WARN ] [C: ] [T: http-nio-8081-exec-5] [L: com.cap.jumpthequeue.general.common.impl.security.BaseUserDetailsService] - [M: Undefined access control waiter.]
[D: 2018-07-12 08:42:09,440] [P: INFO ] [C: ] [T: http-nio-8081-exec-2] [L: io.oasp.module.logging.common.impl.PerformanceLogFilter] - [M: http://localhost:8081/jumpthequeue/index.html;19;200;;]
[D: 2018-07-12 08:42:09,442] [P: INFO ] [C: ] [T: http-nio-8081-exec-2] [L: io.oasp.module.logging.common.impl.PerformanceLogFilter] - [M: http://localhost:8081/jumpthequeue/;41;200;;]
[D: 2018-07-12 08:42:11,056] [P: INFO ] [C: ] [T: http-nio-8081-exec-7] [L: io.oasp.module.logging.common.impl.PerformanceLogFilter] - [M: http://localhost:8081/jumpthequeue/services/;6;200;;]
[D: 2018-07-12 08:42:11,077] [P: INFO ] [C: ] [T: http-nio-8081-exec-8] [L: io.oasp.module.logging.common.impl.PerformanceLogFilter] - [M: http://localhost:8081/jumpthequeue/services/;9;200;;]
[D: 2018-07-12 08:42:13,561] [P: INFO ] [C: ] [T: http-nio-8081-exec-9] [L: io.oasp.module.logging.common.impl.PerformanceLogFilter] - [M: http://localhost:8081/jumpthequeue/index.html;6;200;;]
[D: 2018-07-12 08:42:13,563] [P: INFO ] [C: ] [T: http-nio-8081-exec-9] [L: io.oasp.module.logging.common.impl.PerformanceLogFilter] - [M: http://localhost:8081/jumpthequeue/;22;200;;]
[D: 2018-07-12 08:42:59,983] [P: INFO ] [C: c4019d69-bc46-4be9-a823-46352d9427fd] [T: http-nio-8081-exec-3] [L: org.dozer.DozerBeanMapper] - [M: Using the following xml files to load custom mappings for the bean mapper instance: [config/app/common/dozer-mapping.xml]]
[D: 2018-07-12 08:42:59,984] [P: INFO ] [C: c4019d69-bc46-4be9-a823-46352d9427fd] [T: http-nio-8081-exec-3] [L: org.dozer.DozerBeanMapper] - [M: Trying to find xml mapping file: config/app/common/dozer-mapping.xml]
[D: 2018-07-12 08:42:59,992] [P: INFO ] [C: c4019d69-bc46-4be9-a823-46352d9427fd] [T: http-nio-8081-exec-3] [L: org.dozer.DozerBeanMapper] - [M: Using URL [jar:file:/C:/Users/mruizand/Devon-dist_2.4.0/conf/.m2/repository/com/cap/jumpthequeue-core/0.1/jumpthequeue-core-0.1.jar!/config/app/common/dozer-mapping.xml] to load custom xml mappings]
[D: 2018-07-12 08:43:00,042] [P: INFO ] [C: c4019d69-bc46-4be9-a823-46352d9427fd] [T: http-nio-8081-exec-3] [L: org.dozer.DozerBeanMapper] - [M: Successfully loaded custom xml mappings from URL: [jar:file:/C:/Users/mruizand/Devon-dist_2.4.0/conf/.m2/repository/com/cap/jumpthequeue-core/0.1/jumpthequeue-core-0.1.jar!/config/app/common/dozer-mapping.xml]]
[D: 2018-07-12 08:43:00,285] [P: INFO ] [C: ] [T: http-nio-8081-exec-3] [L: io.oasp.module.logging.common.impl.PerformanceLogFilter] - [M: http://localhost:8081/jumpthequeue/services/rest/visitormanagement/v1/visitor/1;812;200;;]
[D: 2018-07-12 08:44:43,649] [P: INFO ] [C: ] [T: Thread-5] [L: org.springframework.boot.context.embedded.AnnotationConfigEmbeddedWebApplicationContext] - [M: Closing org.springframework.boot.context.embedded.AnnotationConfigEmbeddedWebApplicationContext@2d5bf93b: startup date [Thu Jul 12 08:38:24 CEST 2018]; root of context hierarchy]
[D: 2018-07-12 08:44:43,649] [P: INFO ] [C: ] [T: Thread-5] [L: org.springframework.context.support.DefaultLifecycleProcessor] - [M: Stopping beans in phase 0]
[D: 2018-07-12 08:44:43,649] [P: INFO ] [C: ] [T: Thread-5] [L: org.springframework.boot.actuate.endpoint.jmx.EndpointMBeanExporter] - [M: Unregistering JMX-exposed beans on shutdown]
[D: 2018-07-12 08:44:43,649] [P: INFO ] [C: ] [T: Thread-5] [L: org.springframework.boot.actuate.endpoint.jmx.EndpointMBeanExporter] - [M: Unregistering JMX-exposed beans]
[D: 2018-07-12 08:44:43,649] [P: INFO ] [C: ] [T: Thread-5] [L: org.springframework.jmx.export.annotation.AnnotationMBeanExporter] - [M: Unregistering JMX-exposed beans on shutdown]
[D: 2018-07-12 08:44:43,665] [P: INFO ] [C: ] [T: Thread-5] [L: org.springframework.orm.jpa.LocalContainerEntityManagerFactoryBean] - [M: Closing JPA EntityManagerFactory for persistence unit 'default']
